特斯拉 隨後股價 董事 股票 連跌
美股 健康 大跌 科技股 投資
那斯達克崩 一波 外媒 回調 解析
大跌 美股 投資人 恐變心 10
800 科技股 衝高 美股 股災
台股 台積 電跌 200 恐飆
美股 指數 飆升 vix 市場
美股 飆漲 台股 富邦 暴跌
地震 危機 恐大 美股 大選
800 飆漲 恐慌 指數 股災
美股 大跌 台股 短線勢 重挫
鏈不分 fta 力勝 企實 供應
紅色供 顏色 崛起 產業 應鏈
紅色供 顏色 崛起 產業 應鏈
韓國簽 經貿 台灣 優勢 fta
談紅色 顏色 產業 趨勢 選擇
三星 奈米 晶片 玄機 大廠
公司 企業 理由 美國 研究
移民 漂族 南科 工程 崛起
ansys 台積電 方案 物理 通過
台積電 國際大廠 台灣 南下 南科
新高 收連 信邦 新猷 月營
五月 信邦連 締新猷
宏捷科 收靚 月營 美化 助攻
億元 營收 聚陽 31 11
28 收勁揚 月營 聚陽
貴金屬 金挫 美股 崩跌 低點
新興 債明 市場 研究 報告
基金 選項 市場 到期 變動
新興 債明 市場 可期 顯彈
豪展 營收 億元 新高 16
新興債 中長 買點
台積電 萬張 外資 瘋狂 掃貨
超百億元 外資買 台積 最愛從 電轉
台股 外資大 賣超 億元 挫逾百點
股虎頭 蛇尾 分析 外資 態度
三大法人賣超台股237 54億元
零股 經常槓 投資術 出價 這樣
零股 投資術 交易 分鐘 圖解
經常槓 零股 出價 這樣
零股 投資術 小資族 點半 交易
萬買進 零股 小資族 投資 招讓
口罩 國家隊 自清 左道 旁門
加利 口罩 網怨 心酸 庫存
加利 為恥 律師 以國家隊 自掘
加利 欺騙簽 遭官員 威脅 暴怒
95 99 百分比 指工業 加利
加利 合約 秀白紙 打臉 簽約
加利 簽白紙 簽名 清楚 胡說
加利 口罩 老鼠屎 王美花 口中
王美花斥 加利 口罩 還怪 混用
加利 經濟部 不足 為恥 產能
加利 口罩 國家隊 全國 侯友
出國家隊 國家隊 口罩 八里 趕快
口罩 侯友宜 廠商 實名制 出現
侯友宜 新北 口罩 工廠 痛心
黑心 口罩 貨侯友 痛心 混賣
加利 海關查 進口 口罩 入境
加利 口罩 怒批 快新聞 民視
加利 為恥 口罩 以國家隊 違法
加利 口罩 華視 中國 貨陳時
加利 舉動毀 犯法 努力 五四三
王金平 政治 論壇 將率團 海峽
陸委會 辦海峽 論壇 禁在 活動
吳敦義 王金平 政治 沒資格 論壇
陸委會 辦海峽 禁止 提三項 大陸
陸委會 北京 辦海峽 論壇 不鼓勵
加利 口罩 商不願 不以 稱有
加利 出國家隊 其邁 不以 非常
傳高雄 口罩 國家隊 邁要 清楚
口罩 高雄市 醫院 公共 要罰
高雄 口罩 之魚 追查 記者
不義之財 黑心 加利 謊言 口罩
加利 更累 員工 額外 高喊
加利 出國家隊 律師 斷言 叫囂
加利 口罩 王定宇 混充 中國
加利 打臉 謊言 王定 道德
加利 恥國家隊 以國家隊 口罩 血汗
加利 紙箱 工廠 鐵門 退貨
口罩 冒充 防疫 許中 不容
護照 政治 外媒 台灣 非官方
taiwan 護照 滿意 六成 新版
護照展 顯台灣 高鈺婷 意象 設計應
換黨徽 國民黨 邱顯 智籲 用行動
護照 高鈺婷 主權 時代 台灣
加利 品質勝 口罩 mit 中心
口罩 華視 混實名 搶換貨 20200904
加利 口罩 換貨民眾 信用 台灣
加利 口罩 網怨 心酸 庫存
加利 三月 隱瞞 質疑 公布
捷克 吉普 中國 投資 政治
布拉格 台北 市長 台灣 市民
捷克 直播 賀瑞普 市長 記者
政治 台北 吉普 市民 事實
布拉格 政治 愛樂樂團 巡演 取消
境外 新增 移入 中心 說明
肺炎 醫症 新冠 返國 仍帶
口罩 快訊 風波 台灣 新增
疫報 無症 40 11 武肺
40 11 無症 觸者 工作
安倍 菅義偉 媒民調 接班人 最高
安倍 台日 情感 下台 終結
菅義偉將 安倍 日相 改選 上位
菅義偉 黨魁 自民黨 突襲 參選
安倍 yahoo 蔡增家 論壇 接班人
陸委會 辦海峽 論壇 禁在 活動
吳敦義 王金平 政治 沒資格 論壇
國民黨 王金平 江啟 論壇 海峽
陸委會 北京 辦海峽 論壇 不鼓勵
國民黨 政治 論壇 王金平 出面
歐銻銻放棄 愛奇藝 代理 范立 負責
用戶問 台灣禁 陸劇 難道 愛奇藝
代理商 代理 ncc 停止 愛奇藝
吵什麼 問答 大關鍵 草案 ott
愛奇藝 歐銻銻 並裁員 停止 生效
單風扇 rtx 16 曝光 短小精悍
乘客 車狂 低頭族 空腳卡 推車
10 更新 ssd windows 微軟
10 windows 遊戲 api 性能
台鐵新購 emu900 普悠瑪 電聯車 軌道
中黨 需中國 同意 江啟 互槓
藍數位 線民眾 黨部 影片 華視
國民黨 政治 立場 兩岸 堅持
需中國 立新 江啟 論述 同意
國民黨 中央 嘴巴 自由 評論網
憲兵 總統 邰智源 今天 胖一點
憲兵 總統府 美女 暴動 現身
邰智源 總統 當憲兵
憲兵 制服 美女 照片 萬人朝
憲兵 政治 總統府 一日 邰智源
deepmind google 交通流量 地圖 預測
google 預測車 怎麼 最佳 路線
google 訂餐 地圖 預訂 一鍵
google 買門票 地圖 一鍵 訂位
2019 google 地圖 街景 裡尋找
加利 合約 政府 打臉 簽約
加利 口罩 網怨 心酸 庫存
加利 每月 半價原 萬片 物料
出國家隊 國家隊 口罩 八里 趕快
空軍駁 35 飛彈擊 戰機 落共軍蘇愷
35 台灣擊 墜機 軍蘇愷 解放
飛機 35 傳台灣擊 中共 駁斥
35 台灣擊 司令部 蘇愷 落共機
35 台灣擊 假訊息 駁斥 防部
海關 加利 口罩 萬片 mit
加利 口罩 網怨 心酸 庫存
加利 藥師 新北女 吹哨 身分
加利 口罩 換貨民眾 信用 台灣
加利 熱血女 藥師 賊星 直呼
政治 邰智源 憲兵 他變 一日
憲兵 總統 邰智源 今天 胖一點
憲兵 總統府 美女 暴動 現身
憲兵 制服 美女 照片 萬人朝
邰智源 總統 當憲兵
境外 新增 移入 中心 說明
肺炎 醫症 新冠 返國 仍帶
日本 快新聞 新增 40 返國
40 11 無症 觸者 工作
肺炎 武漢 中心 社會 新增
台灣 中國 總統 日媒 領導人
華春瑩 日媒 台灣 總統 提問
華春瑩 中國 台灣 總統 日媒
非總統 華春瑩 政治 狂犬病 網憂
禁抖音 轟美國 網酸爆 華春瑩 搶劫
加利 口罩 商不願 不以 稱有
0904 高雄市 高雄 頒獎 破案
高雄業者 口罩 違規將 高市 懲處
口罩 澄清 非實 記者 名制
口罩 高雄市 醫院 公共 要罰
nvidia 3080 10gb 卡為何 記憶體
微星 輝達 股價 奔漲 顯卡
nvidia rtx 新畫 最強 30
nvidia gpu 懶人 整給 發表
180 微星 外資 價上 目標
geforce rog rtx 新款 30
nvidia 三星 rtx 顯卡 30
乘客 車狂 卡捷運 推車 超有
google 華為 地圖 怎麼 替代品
死刑犯 正義 被害者 重要 生命
死刑犯 兒子 生命 民視 只有
生命 死亡 等待 過程 煎熬
兒子 死刑犯 人權 之路 紀錄片
國民黨 美豬 政府 政治 口罩
重磅 關責任 政府 快評 五四三
美豬 國民黨 口罩 政府 華視
放美豬 洪秀柱 美牛 四不一 將開
國民黨還 專欄 倒扣 嘉宏 上報
金門 古寧頭 軍人節 九三 爆彈
金門 古寧頭 爆彈 驚見 岸際
金門岸 古寧頭 爆彈 發現 岸際
古寧頭 爆彈 驚見 岸際
捷克 總統府 賴清德 參議長 兩國
捷克 政治 正義有 清德 友人
騙台灣 加利 賴清德 怒批 忘義
捷克 賴清德 參議長 出席 答謝
捷克 民主 賴清德 答謝 努力
爆炸 嗅到 呼吸 貝魯 搜救
黎巴嫩 爆炸 廢墟 生命 直播
貝魯特 爆炸 廢墟 有生 生命
爆炸 貝魯 傳廢墟 發現 生命
黎巴嫩 爆炸 搜救 生命 偵測
捷克 吉普 中國 投資 政治
台美合辦 重組供 保供 發表聯合 脅迫
台美經濟 科技 政治 醫療 優先
鄭團隊 錢志健 核級 人生 別攬
固供 保供 台美日 脅迫 聲明
800 股市 明斯基 道瓊 暴跌
807 科技股 美股 道瓊 指數
美股 台股 200 指數 暴跌
蔡霞們 之鬥 反習 二代 困獸
擊美國 絕不答 平反 習近
陸美將 持久 答應
75 中共 抗日 勝利 近平
19 民族情 僵局 鞏固 平藉
梅克爾證實 諾維喬克 普丁政敵 殺案 下毒
諾維喬克 普欽政敵 投毒 蘇聯神 focus
俄諜案 普廷政敵 下毒 毒劑 神經
諾維喬克 俄國 否認 殺案 20200903
克里姆林 中毒 俄國 指控 道理
肺炎 醫症 新冠 返國 仍帶
40 11 無症 觸者 工作
疫報 無症 40 11 武肺
台灣 口罩 明中國 風波 時一
日本 快新聞 新增 40 返國
橋塌 梅莎 河水 別過 暴漲
鮮半島 韓電視 災情 南韓 梅莎
氣象 梅莎 海神 南北 專家
鮮半島 梅莎橫 南韓 2000 掃朝
風梅莎 災情 報導 記者 北韓
川普籲 投票 選民重 北卡 鼓勵
川普造勢 選民重 投票 違法 呼籲
川普質 選民重 投票 不公 疑通訊
川普 推特貼 投票 兩次 警告
美總統 選舉川 兩次票 普竟 呼籲
如何是好 媽媽 只有 世上 這樣
確保 安全 脅迫 論壇 政治
台美合辦 重組供 保供 發表聯合 脅迫
台美經濟 科技 政治 醫療 優先
崎公園 龍鳳谷 瀑布 池步 taipeiwalker
浪漫 自然 白石 山林 風光
櫻花 台北市 花景 迎春 旅遊
taipeiwalker 台北人 japanwalker 雙北 打卡
陽明山 境景點 台北 10 ig
硫磺 溫泉 谷泡 腳池 新開放
27 景點 影像 上線 北市
公園 黎和生態 台北 森林 佔地
浪漫 自然 白石 山林 風光
櫻花 台北市 花景 迎春 旅遊
陽明山 境景點 台北 10 ig
硫磺 溫泉 谷泡 腳池 新開放
27 景點 影像 上線 北市
特斯拉 隨後股價 董事 股票 連跌
科大 淨利 中國 公司 制裁
保時捷 奧迪 電動車 taycan 借員工
保時捷 奧迪員工 跑車 不及 taycan
porsche audi 400 電動車 taycan
800 股市 明斯基 道瓊 暴跌
807 科技股 美股 道瓊 指數
美股 台股 200 指數 暴跌
相馬茜 李玖哲 機場 淚別
拋相馬茜 李玖 哲簽 老婆 哀號
董親 授育兒 柯有 奶爸 撇步
李玖 哲離 相馬茜 回不去 簽切
nba 詹皇 爆氣 只是 皮朋
nba 格林 連敗 禁區 撤出
肯尼 kenny 130 s4 旺火
熱火為 公鹿 戰果 意料之外 領先
nba 皮朋 不爽 反擊 天下
血糖 降膽 固醇 食物 還能控
維生素 醫生 夠了 科技 沒告訴
卡介苗 轉換醫 廠牌 免緊 效果
別憂鬱 中年 臟病 青少年 以後心
hpv 病毒 頸癌 病率 子宮
hpv 性病 練美施 macy 網民關
吵什麼 進口現 美豬 到底 其實
巧克力 血糖 頭暈時 為何 醫師
肝功能 喝酒 臉紅 醫生 面不改色
味精 加太多 口乾舌燥 好像 錯怪
病患 其他 原者 三讀 通過
林俊憲批 國民黨 故宮 政治 中國
vm219 故宮 收入 歸藍營 15
爆國民黨 vm219 千億黨產 政府 回故
宮門票 黨產變 吳佩蓉 國民黨 vm219
藍黨 國民黨 麗旭喊 回故 vm219
疫情 vm219 美連假 恐慌 效應
疫情 大染疫國 肺炎 印度 新冠
vm219 全球 台灣 更新 確診
印度 疫情 全球 vm219 第二
確診 21 病例 vm219 發現
湧藥局 藥師 20200906 口罩 vm219
加利 為恥 以國家隊 vm219 社會
口罩 加利 健保卡 換貨 vm219
台灣 科技 為恥 加利 駁斥
口罩 藥局 20200907 退貨潮 vm219
vm219 國民黨 興內鬥 完蛋 北辰
遭國民黨 興黨部 vm219 直播 批評
民視 國民黨 直播 vm219 完蛋
轟軍系 vm219 直球 自爆 政治
遭國民黨 蔡忠 黨部 vm219 主委
豬更 美豬 柯文 王定 加拿大
王定宇 vm219 柯文 美豬 引論戰
買美豬 王定宇 vm219 柯文 15
王定宇 vm219 加豬 不信 比美
王定宇 vm219 美豬 賭什麼 瘦肉精
海軍解釋 突擊艇 vm219 飛彈 預算大
艦造 艦隊 vm219 巡防 恐未開
突擊艇 飛彈 vm219 造不造 測試
突擊艇 飛彈 魚叉 vm219 微型
突擊艇 飛彈 微型 驚爆 vm219
nvidia navi vm219 顯卡 big
macos vm219 軟體 惡意 15
google maps vm219 交通 怎能
火車 vm219 風聲鶴唳 白牌車 客運將
勝利國民黨 國民黨 政治 vm219 名嘴
議員 國民黨 vm219 輕人 共識
vm219 臉充 胖子 打腫 全代會
可悲 政黨 vm219 宿命 專欄
vm219 打擊共諜 打仗 張博洋 政治
柯文 vm219 美豬 侯友宜 15
爭議 美豬 疑慮 母法 調侯友
豬肉 直播 談美國 侯友 vm219
美豬 vm219 小吃 富人 侯友宜
侯友宜 柯文 美豬 vm219 窮人
開放美豬 vm219 時機 啟臣 餐會
婉拒 不符 不樂見 vm219 誤會
藍委時間 vm219 邀約餐 美豬 開放
立委 駁斥 婉拒 時機 邀約
開放美豬 vm219 時機 處長 邀宴
韓國瑜 韓贏 蔣萬安 vm219 蔣太多
台北市 vm219 15 三支 遭點
vm219 20200907 華視 不知 15
韓國瑜 台北市 蔣萬安 vm219 會贏
台北市 政治 蘇揆 一步步 vm219
勝利國民黨 國民黨 政治 vm219 名嘴
議員 國民黨 vm219 輕人 共識
vm219 臉充 胖子 打腫 全代會
可悲 政黨 vm219 宿命 專欄
vm219 打擊共諜 打仗 張博洋 政治
湧藥局 藥師 20200906 口罩 vm219
加利 為恥 以國家隊 vm219 社會
台灣 科技 為恥 加利 駁斥
口罩 藥局 20200907 退貨潮 vm219
口罩 vm219 83 萬片 扣押
柯文 vm219 美豬 侯友宜 15
爭議 美豬 疑慮 母法 調侯友
美豬 vm219 小吃 富人 侯友宜
侯友宜 柯文 美豬 vm219 窮人
豬肉 直播 談美國 侯友 vm219
開放美豬 vm219 時機 處長 邀宴
開放美豬 vm219 時機 啟臣 餐會
藍委時間 vm219 邀約餐 美豬 開放
婉拒 不符 不樂見 vm219 誤會
立委 駁斥 婉拒 時機 邀約
韓國瑜 韓贏 蔣萬安 vm219 蔣太多
台北市 vm219 15 三支 遭點
vm219 20200907 華視 不知 15
韓國瑜 台北市 蔣萬安 vm219 會贏
藍營 vm219 tvbs 戰開 主動表態
煤礦 vm219 巨蛋 緊緊 建築
vm219 監測 汙染 智慧 轉型
高雄 訪林佳龍 大港 vm219 國旅夯
高雄 vm219 建設 保安 15
vm219 美豬 邁臉 爭議 智強
豬肉萊劑 食藥署 vm219 殘留量 正式
食藥署 美豬萊劑 vm219 正式 殘留
釣客 遭浪襲 命危 漁港 vm219
瘋狗浪 vm219 客死 翻攝 救援
釣客 瘋狗浪 漁港釀 vm219 大溪
瘋狗浪 tvbs 20200907 vm219 釣客
波瘋狗浪 浪吞人 vm219 瘋狗 釣客
林俊憲批 故宮 政治 國民黨 中國
vm219 故宮 收入 歸藍營 15
2300 萬人 蘇貞昌 vm219 故宮
林俊憲狠 國民黨 中國 網友 vm219
國民黨 立委 黨產會 vm219 臉書
250 vm219 tvbs 口罩 加利
加利 vm219 不好 但產品 再度
加利 廠商 口罩 mit 黑心
假冒 加利 口罩 mit 暗黑
健保卡 加利 口罩 換貨 vm219
vm219 館長 這大 15 來電
vm219 政治 羞愧 感動 館長
vm219 自陳其邁 館長 羞愧 通電話
vm219 鄭文燦 祝福 24 早日
vm219 表白 電視 隔空 機前
黨揆 vm219 明年 韓要 市府
2024 vm219 韓國瑜 評委點將 再輸
2024 vm219 韓國瑜 參選 評委
韓國瑜 vm219 全代會 出席 市長
vm219 韓國瑜 tvbs 全代會 出席
美豬 排骨 vm219 很怪 不同
美豬 vm219 不鬥 遭批 加利
vm219 美豬 大戰 強化 生活
vm219 美豬 示範 15 全台
疫苗 國安產業 慢國際 新冠 vm219
vm219 15 蠢行 蠢話 快評
vm219 卑微 嘉觀點 官字 15
vm219 顯聖宮 竹縣 感恩 進步
豬心 vm219 換絕情 美豬 總統
祝大會 抗議 出席 vm219 美豬
五雨彈 vm219 周四 鋒面 入秋
vm219 變天 入秋 週四報 鋒面
降雨 氣象局 vm219 入秋 首波
降雨 雷雨 鮮半島 vm219 今撲朝
vm219 週二 天氣 週四鋒面 不佳
vm219 旅行社 門市 閉潮 15
疫情 重災產業 vm219 ch51 東森新聞
關門潮 vm219 一周 體門市 網關
旅行社 停業 vm219 48 解散
vm219 疫情 15 實體門 租金
金曲 vm219 紀念 歌王 文化局
vm219 嚴詠 定大鵬灣 打狗亂 演出
心肌梗塞 vm219 金曲 打狗亂 歌團
vm219 嚴詠 主唱 打狗亂 歌團
能魂斷 猝死 設靈心 vm219 公祭
金錢豹 虐死案 vm219 遭押 凶嫌
金錢豹 vm219 出眾 15 男人
金錢豹 老司機 vm219 15 20
vm219 沒電梯 15 稱霸 業績
豹門口 vm219 打死 15 全斷
口罩 vm219 開店 頭香 限定
xperia sony ii 曝光 vm295
xperia sony ii vm295 官方
xperia 索尼 ii 120hz 曝光
xperia sony ii 全新 遭外
xperia sony ii 手機 vm295
vm295 台泥 15 收購 公開
鴻海 營收 億元 新高 vm295
vm295 電子 股無力 月線 股盤
vm295 富錦明 兩種 可能性 15
vm295 新高 利率 平均 15
vm295 店員恐 15 客人 彩券
外資升目 gis vm295 ky 標價
vm295 國銀 金管會 15 海外
外資前 vm295 匯出 新高 股影響
外資 股息 vm295 匯出 美元
vm295 二大會計 保險 15 天牧斥
vm295 保險 金管會 沒業界 不知其所以然
對外 中國 vm295 開放 經濟
中國 vm295 經濟 政策 15
微博 騰訊 vm295 停止 本月底
微博 騰訊 vm295 28 新浪
vm295 微博 騰訊 15 吹熄
微博 vm295 騰訊 關閉 28
微博不敵 微博 微信 vm295 騰訊
旺宏 華邦電 營收 vm295 15
福斯 tiguan vm295 車尾換 15
福斯 polo 國產車 vm295 15
美股 vm295 變盤 股本 周恐
vm295 董事 股票 57 財經
vm295 董事 減持 15 三十二
日本 唐吉訶德 台灣 開店 日系
vm295 唐吉訶德 西門 贏定 15
台人 台灣會 小母湯 vm295 唐吉軻
vm295 15 西門 開幕 插旗
vm295 台展 唐吉軻德 15 優勢
vm295 15 台灣 爽快 逛起
谷歌 5g 手機 vm295 25
pixel pixle vm295 5g 15
google pixel 5g 手機 vm295
google pixel 5g vm295 25
pixel vm295 5g 曝光 4a
intel 14nm core rocket 11
galaxy 5g flex 15 tiger
微星 英特 vm295 11 筆電
atom intel pentium cpu tremont
tiger cpu 15 intel 為何
威士忌 vm295 15 爸送 專家
威士忌 vm295 老爸 28 15
威士忌 vm295 英父 15 兒子
威士忌 生日 vm295 禮物 28
威士忌 vm295 英男賣 15 28
營收 獲利 vm295 立隆 單月次
台北 科技股 股市 vm295 風險
估華為 手機市 晶片 庫存 vm295
華為 2021 手機 vm295 銷量
華為 30 40 vm295 手機
華為 vm295 裝置 穿戴 15
智慧 vm295 11 手機 下滑
第三代 vm295 半導體 15 台鏈
s20 三星 galaxy vm295 規格疑
vm295 外資 變化 30 湧入
vm295 外資狂 新台幣 匯率 15
幣升勢 vm295 彭博 官方 評論
吳欣儒訂 vm295 新光 五大 策略
vm295 電池 永久 月租 電動
充電動 vm295 電能 50 輕型
vm295 機車 值電動 15 電能
電動 電能 vm295 生力 50
vm295 新車 充電動 便宜 機車
洛克 洛克人 artec 15 開發
vm295 洛克人 教材 15 可學
景點 火遠離 旅遊 人潮 市府
公園 黎和生態 台北 森林 新景
櫻花 台北市 花景 旅遊 vm333
vm333 浪漫 風光 自然 山林
溫泉 谷泡 硫磺 vm333 新開放
taipeiwalker 台北人 japanwalker walkerland 打卡
陽明山 vm333 境景點 15 ig
景點 影像 vm333 上線 27
taipeiwalker 台北 japanwalker 虎山 系景點
景點 防疫 vm333 320 北市
景點 vm333 人潮 15 五一
台北 vm333 透晚 志工起 螢景點
taipeiwalker 台北 超萌小水 島濕地 japanwalker
台北 vm333 旅遊 海洋 親子遊
台北 vm333 景點 33 當地
乘客 肺炎 郵輪 台北 vm333
崎公園 瀑布 龍鳳谷 池步 taipeiwalker
vm333 出遊 景點 走春求 15
景點 台北市 旅遊 vm333 走春去
vm333 個景點 網友 15 人遊台
出口 vm333 年增 單月 美元
出口 進口 中國 月份 下降
vm333 出口 超旺 單月 15
貿易 中國 vm333 差繼續 對美順
出口 年增 vm333 大陸 爆發
華為 任正非 勝利之路 斷供 退路
華為 英雄 任正非 15 vm333
指華為 打勝仗 任正非 vm333 困難
華為 任正非 危機 勝利之路 激勵員工
華為 囤貨 大量 保供 vm333
vm333 ltn 印鈔 各國狂 絕招
volvo xc40 vm333 超商 15
volvo vm333 交車 15 優惠
vm333 攻數位 點抽百萬 15 900
坦克 瑞典 品牌 vm333 便利商店
volvo vm333 品牌 北歐 15
vm333 現在 兩年 專訪 我們
vm333 15 大變數 答案 專家
台積電 vm333 衝擊 疫情 運動會
產業 vm333 運動會 台積 取消
台積電 vm333 營收估 q3 季增
台積電 公司公告 vm333 運動會擬 取消
中芯國際 重挫 美國 vm333 威脅
三家 vm333 台廠 15 外資
vm333 供應鏈 晶片 制裁 國內
