特斯拉 隨後股價 股票 董事 連跌
科技股 星展 投資 健康 修正
那斯達克崩 修正 解析 綜合 會員
恐變心 投資人 大跌 10 專家
科技股 vix 800 引爆 暴跌
電跌 200 06 重挫 恐飆
將崩盤 市場 vix 慘跌 分析
暴跌 富邦 美股 200 台股
恐大 美股 賭盤 11 地震
暴跌 800 股災 科技股 恐慌
短線勢 美股 重挫 台股 大跌
鏈不分 童子 供應 力勝 企實
紅色供 趨勢 顏色 產業 崛起
紅色供 趨勢 顏色 崛起 產業
韓國簽 台灣 優勢 經貿 看似
談紅色 趨勢 顏色 選擇 產業
晶片 三星 大廠 積電有 奈米
電是 金融 企業 理由 股價
移民 最大 崛起 漂族 南科
物理 台積電 ansys 方案 通過
南科將 techorange 國際大廠 台灣 台積電
信邦 新高 新猷 月營 收同
締新猷 信邦連 五月
宏捷科 收靚 助攻 美化 月營
億元 營收 31 增至 11
28 收勁揚 聚陽 月營
貴金屬 崩跌 美股 一週 金挫
報告 新興 市場 債明 研究
基金 市場 優質 目標 選項
市場 新興 債明 升後市 顯彈
億元 營收 新高 豪展 16
新興債 中長 買點
外資 台積電 萬張 瘋狂 掃貨
超百億元 外資買 電轉 最愛從 這檔
挫逾百點 億元 外資大 237 台股
分析 股虎頭 外資 強勢 表態
三大法人賣超台股237 54億元
出價 零股 投資術 經常槓 這樣
分鐘 零股 圖解 新制 投資術
出價 經常槓 這樣 零股
零股 點半 小資族 福音 交易
投資 萬買進 小資族 零股 招讓
口罩 遲交 國家隊 旁門 自清
口罩 網怨 曝光 庫存 心酸
為恥 以國家隊 律師 加利 自掘
欺騙簽 藥證 合約 威脅 遭官員
比醫 指工業 百分比 防護率 藥師
簽約 政府 秀白紙 合約 加利
簽白紙 簽名 內容 經部秀合 清楚
實名制 口罩 混入 王美花 重批
口罩 之馬 混用 害群 東怪
產能 經濟部 數據 不足 為恥
口罩 國家隊 混賣 全國 清查
出國家隊 口罩 國家隊 趕快 混大
口罩 實名制 廠商 委屈 侯友宜
新北 侯友宜 混大陸 最新 矇騙
貨侯友 口罩 國家隊 清查 混賣
口罩 海關查 進口 銷毀 社會
負責人 怒批 混中 快新聞 民視
口罩 加利 違法 五四三 以國家隊
華視 20200904 貨陳時 中國 混入
犯法 舉動毀 訓斥 加利 五四三
將率團 海峽 王金平 論壇 政治
辦海峽 陸委會 論壇 明令 禁在
王金平 吳敦義 英文 沒資格 論壇
陸委會 提三項 辦海峽 論壇 大陸
北京 不鼓勵 辦海峽 陸委會 論壇
口罩 加利 商不願 國家隊 不以
出國家隊 加利 為然 其邁 不以
口罩 國家隊 用量 上繳 傳高雄
醫院 口罩 要罰 公共 運輸
高雄 漏網 市府 記者 之魚
不義之財 口仁義 口罩 謊言 道德
更累 額外 加利 員工 分裝
出國家隊 加利 律師 叫囂 斷言
不義之財 口罩 中國 王定宇 洗白
口仁義 道德 謊言 盡壞 關鍵
恥國家隊 口罩 以國家隊 血汗 加利
紙箱 工廠 鐵門 退貨 科技
口罩 防疫 確保 許中 不容
外媒 搶報 新版 非官方 台灣
護照 新版 六成 滿意 非常
高鈺婷 顯台灣 新版 交流 意象
國民黨 邱顯 智籲 換黨徽 點名
高鈺婷 新版 力量 凸顯 意向
品質勝 口罩 加利 回應 指揮
華視 20200904 搶換貨 混實名 口罩
台灣 實名制 口罩 信用 換貨民眾
口罩 網怨 曝光 庫存 心酸
衛福部 20200904 公布 三月 累犯
國承諾 捷克 中國 高估 投資
台北 台灣 市長 市民 布拉格
哲與 直播 賀瑞普 記者 最帥
台北 台灣 參議長 市民 事實
中國 國際 巡演 愛樂樂團 布拉格
新增 說明 指揮 記者 中心
醫症 改善 肺炎 工作 返國
指揮 說明 台灣 快訊 新增
診匡列 疫報 武肺 11 多歲
40 確診 工作 11 多歲
菅義偉 安倍 接班人 媒民調 最高
終結 情感 安倍 台日 下台
菅義偉將 安倍 接班人 改選 大人
突襲 菅義偉 黨魁 大叔 自民黨
蔡增家 安倍 yahoo 派系 接班人
辦海峽 陸委會 論壇 明令 禁在
王金平 吳敦義 英文 沒資格 論壇
王金平 江啟 論壇 還在 代表
北京 不鼓勵 辦海峽 陸委會 論壇
國民黨 率團 海峽 說明 出面
消費者 負責 代理 歐銻銻放棄 范立
台灣禁 難道 用戶問 愛奇藝 洗腦
台灣 代理商 代理 ncc 民視
草案 大關鍵 問答 吵什麼 一次
歐銻銻 代理 條款 宣布 並裁員
3060 rtx 公分 短小精悍 曝光
低頭族 月台 乘客 立新 聞台
微軟 10 壽命 更新 降低
10 縮短 windows 大幅 時間
台鐵新購 電聯車 emu900 入港 運送
閉嘴 需中國 甩親 江啟 互槓
華視 黨部 20200903 影片 線民眾
國民黨 常委 啟臣 桌江 政治
江啟 立新 需中國 常委 論述
國民黨 評論網 戲碼 中央 包圍
日府 邰智源 憲兵 民視 總統
憲兵 總統府 現身 鄉民 美女
總統 當憲兵 邰智源
萬人朝 憲兵 制服 美女 照片
邰智源 憲兵 總統府 英文 今日
deepmind 交通流量 google 地圖 預測
預測車 google 流量 決定 怎麼
地圖 google 訂餐 預訂 一鍵
google 新聞網 tvbs 地圖 推新
地圖 google 專頁 足跡 裡尋找
政府 簽約 合約 部秀 加利
口罩 網怨 曝光 庫存 心酸
每月 半價原 萬片 物料 網轟
出國家隊 口罩 國家隊 趕快 混大
傳台灣 空軍駁 落共軍蘇愷 35 戰機
鄭重 35 軍蘇愷 我國 防部
鄭重 傳台灣擊 35 中共 飛機
司令部 35 烏有 落共機 網傳
假訊息 防部 台灣擊 子虛 網傳
口罩 萬片 海關 口中 加利
口罩 網怨 曝光 庫存 心酸
藥師 加利 吹哨 曝光 身分
台灣 實名制 口罩 信用 換貨民眾
賊星 藥師 該敗 熱血女 吹哨
他變 政治 邰智源 社會 一日
日府 邰智源 憲兵 民視 總統
憲兵 總統府 現身 鄉民 美女
萬人朝 憲兵 制服 美女 照片
總統 當憲兵 邰智源
新增 說明 指揮 記者 中心
醫症 改善 肺炎 工作 返國
境外 40 民視 多歲 確診
40 確診 工作 11 多歲
武漢 指揮 境外 說明 新增
台灣 日媒 中國 領導人 總統
華春瑩 日媒 台灣 英文 提問
台灣 中國 華春瑩 領導人 日媒
華春瑩 非總統 領導人 狂犬病 英文
華春瑩 網酸爆 搶劫 轟美國 雙重
口罩 加利 商不願 國家隊 不以
高雄市 高雄 0904 分局 頒獎
高雄業者 高市 制傳 違規將 徵量
配送 名制 記者 市府 澄清
醫院 口罩 要罰 公共 運輸
3080 10gb 卡為何 記憶體 rtx
顯卡 奔漲 加量 輝達 微星
30 面技術 系列 新畫 rtx
真香 整給 gpu 包統 懶人
180 外資 價上 目標 微星
30 新款 系顯示 rtx 電競
奈米 三星 系列 全用 隱憂
乘客 卡捷運 車狂 低頭族 全下
地圖 google 替代品 華為 怎麼
死刑犯 被害者 重要 正義 只有
死刑犯 民視 生命 兒子 只有
生命 死亡 煎熬 過程 等待
人權 紀錄片 兒子 死刑犯 漫長
國民黨 口罩 瘦肉精 政治 政府
快評 關責任 重磅 應盡 政府
國民黨 口罩 華視 瘦肉精 不好
四不一 放美豬 美牛 形同 洪秀柱
國民黨還 專欄 嘉宏 分題 上報
軍人節 金門 古寧頭 九三 殘體
爆彈 封鎖線 岸際 金門 驚見
爆彈 發現 岸際 金門岸 古寧頭
爆彈 岸際 古寧頭 驚見
捷克 合作 參議長 交流 兩國
捷克 正義有 國際 勇氣 友人
賴清德 怒批 寬貸 黑心 騙台灣
賴清德 捷克 參議長 出席 處長
捷克 民主 國際 賴清德 團設
爆炸 每分鐘 呼吸 跡象 嗅到
中現 直播 爆炸 黎巴嫩 跡象
爆炸 廢墟 兒童 中疑 跡象
傳廢墟 爆炸 發現 跡象 生命
黎巴嫩 爆炸 滿月 生命 偵測
國承諾 捷克 中國 高估 投資
發表聯合 聲明 台美合辦 重組供 保供
台美經濟 科技 商業 醫療 政治
鄭團隊 錢志健 核級 人生 別攬
台美日 固供 保供 脅迫 應鏈
股市 800 道瓊 明斯基 暴跌
科技股 大跌 807 美股 淒慘
四大 200 暴跌 指數 台股
反習 之鬥 蔡霞們 困獸 二代
擊美國 平反 絕不答 習近
持久 陸美將 答應
75 王岐山 抗日 news 近平
民族情 19 權威 鞏固 僵局
梅克爾證實 遭化學 普丁政敵 殺案 下毒
蘇聯神 普欽政敵 諾維喬克 經毒 投毒
俄諜案 普廷政敵 毒劑 下毒 神經
華視 20200903 俄國 諾維喬克 殺案
俄國 指控 中毒 克里姆林 道理
醫症 改善 肺炎 工作 返國
40 確診 工作 11 多歲
診匡列 疫報 武肺 11 多歲
台灣 明中國 例確診 新增 時一
境外 40 民視 多歲 確診
橋塌 暴漲 河水 襲韓 客車
李正皓 轉播 韓電視 鮮半島 掃朝
遭雙 氣象 韓連 南北 海神
南韓 梅莎橫 鮮半島 2000 掃朝
官媒 北韓 記者 報導 災情
川普籲 選民重 投票 鼓勵 北卡
選民重 投票 川普造勢 呼籲 帶頭
選民重 投票 川普質 疑通訊 違法
川普 推特貼 投票 兩次 警告
20200904 普竟 美總統 呼籲 違法
媽媽 如何是好 世上 只有 這樣
安全 聲明 脅迫 確保 組供
發表聯合 聲明 台美合辦 重組供 保供
台美經濟 科技 商業 醫療 政治
龍鳳谷 崎公園 琉磺谷 池步 花海
自然 山林 白石 風光 浪漫
台北市 費賞 處免 透透 花景
新北人 台北人 遊現 25 雙北
陽明山 境景點 台北 版面 10
新開放 週末 景點 硫磺 大免費
北市 27 景點 上線 影像
台北 黎和生態 還可遠眺 公園 新景
自然 山林 白石 風光 浪漫
台北市 費賞 處免 透透 花景
陽明山 境景點 台北 版面 10
新開放 週末 景點 硫磺 大免費
北市 27 景點 上線 影像
特斯拉 隨後股價 股票 董事 連跌
制裁 中國 補貼 淨利 近一半
電動車 奧迪 taycan 借員工 保時捷
奧迪員工 生產 電動 百名 保時捷
電動車 400 porsche taycan 熱賣
股市 800 道瓊 明斯基 暴跌
科技股 大跌 807 美股 淒慘
四大 200 暴跌 指數 台股
李玖哲 相馬茜 機場 淚別
李玖 哲簽 哀號 結書 返台
奶爸 授育兒 董親 柯有 撇步
李玖 相馬茜 哲離 結書 老婆
爆氣 字母 皮朋 詹皇 nba
禁區 字母 連敗 格林 撤出
肯尼 kenny 輪熱火 s4 集熱火
意料之外 熱火為 戰果 領先 淺談
皮朋 字母 第二 天下 反擊
血糖 食物 固醇 還能控 降膽
維生素 醫生 沒告訴 細節 各種
廠牌 轉換醫 一樣 效果 卡介苗
青少年 別憂鬱 中年 臟病 研究
病毒 頸癌 病率 hpv 檢查
性病 練美施 真身 偷食 macy
吵什麼 進口現 美豬 到底 其實
頭暈時 血糖 巧克力 醫師 救急
喝酒 肝功能 醫生 幾杯還 小心
口乾舌燥 加太多 味精 錯怪 好像
愛滋 三讀 病患 立院 原者
林俊憲批 中國 還給 故宮 點把
vm219 收入 你們換 歸藍營 15
爆國民黨 vm219 15 立新 代表
國民黨 vm219 吳佩蓉 15 查黨
國民黨 麗旭喊 vm219 15 代表
vm219 疫情 15 恐慌 效應
vm219 疫情 大染疫國 全球 印度
vm219 萬人 全球 272 15
疫情 封鎖變 全球 英媒指 vm219
vm219 香港 21 確診 15
vm219 湧藥局 20200906 藥師 口罩
為恥 以國家隊 加利 vm219 我們
健保卡 快新聞 vm219 實名制 口罩
vm219 台灣 口罩 15 科技
vm219 20200907 30 每盒 退貨潮
國民黨 vm219 15 北辰 爛紙
遭國民黨 臧幼俠 興黨部 vm219 15
國民黨 vm219 15 直播 北辰
轟軍系 15 vm219 黨部 北辰
遭國民黨 蔡忠 vm219 15 黨部
美豬 豬更 窮人會 vm219 哲說
vm219 引論戰 15 少康 王定宇
買美豬 15 vm219 價格 王定宇
vm219 比美 不信 加豬 少康
vm219 賭什麼 少康 15 瘦肉精
預算大 海軍解釋 vm219 突擊艇 剩尾數
艦隊 vm219 巡防 恐未開 夭折
vm219 突擊艇 報告 測試 15
vm219 突擊艇 20200907 卡位 微型
vm219 突擊艇 微型 15 純屬
vm219 3080 便宜 15 big
軟體 認證 vm219 15 安全
vm219 壅塞 交通 google 15
vm219 客運將 15 火車 白牌車
勝利國民黨 國民黨 vm219 英九 15
vm219 九二 議員 15 共識
vm219 國民黨 15 江啟 全代會
vm219 專欄 上報 15 宿命
打擊共諜 打仗 vm219 連勝文稱 15
美豬 vm219 哲說 得到 柯文
vm219 爭議 自治 15 扞格
vm219 15 宜聯訪 直播 2020
美豬 窮人 小吃 富人 vm219
美豬 vm219 得到 引熱議 侯友宜
15 vm219 周四 餐會 啟臣
vm219 國民黨 傳江 啟臣 15
vm219 15 邀約餐 藍委時間 美豬
國民黨 立委 15 vm219 江啟
vm219 15 周四 江啟 處長
韓贏 韓國瑜 為何 蔣萬安 搶北市
vm219 15 台北市 三支 不能
vm219 15 華視 20200907 選北市
蔣萬安 vm219 台北市 初選 15
台北市 vm219 一步步 摔倒 中選
勝利國民黨 國民黨 vm219 英九 15
vm219 九二 議員 15 共識
vm219 國民黨 15 江啟 全代會
vm219 專欄 上報 15 宿命
打擊共諜 打仗 vm219 連勝文稱 15
vm219 湧藥局 20200906 藥師 口罩
為恥 以國家隊 加利 vm219 我們
vm219 台灣 口罩 15 科技
vm219 20200907 30 每盒 退貨潮
vm219 口罩 15 萬片 指揮
美豬 vm219 哲說 得到 柯文
vm219 爭議 自治 15 扞格
美豬 窮人 小吃 富人 vm219
美豬 vm219 得到 引熱議 侯友宜
vm219 15 宜聯訪 直播 2020
vm219 15 周四 江啟 處長
15 vm219 周四 餐會 啟臣
vm219 15 邀約餐 藍委時間 美豬
vm219 國民黨 傳江 啟臣 15
國民黨 立委 15 vm219 江啟
韓贏 韓國瑜 為何 蔣萬安 搶北市
vm219 15 台北市 三支 不能
vm219 15 華視 20200907 選北市
蔣萬安 vm219 台北市 初選 15
戰開 vm219 tvbs 15 首都
煤礦 vm219 中鋼 座大 15
vm219 汙染 監測 中鋼 產業
高雄 vm219 國旅夯 訪林佳龍 15
高雄 vm219 15 小英 保安
vm219 宜康 15 智強 美豬
vm219 食藥署 豬肉萊劑 15 預告
vm219 美豬萊劑 食藥署 標準 15
vm219 遭浪襲 漁港 釣客 10
vm219 瘋狗浪 落海 翻攝 15
vm219 15 漁港釀 瘋狗浪 大溪
vm219 20200907 15 10 tvbs
浪吞人 波瘋狗浪 vm219 15 攻擊
林俊憲批 還給 中國 vm219 故宮
vm219 收入 你們換 歸藍營 15
萬人 vm219 2300 國家 故宮
林俊憲狠 中國 vm219 還給 網友
vm219 國民黨 立委 15 kmt
vm219 250 15 tvbs 男家
道歉 但產品 不好 vm219 我人
vm219 口罩 爭議 廠商 15
口罩 vm219 網驚 真相 假冒
健保卡 口罩 貨單 vm219 填換
來電 vm219 館長 這大 一堆
vm219 15 中槍 第一通 電話
vm219 通電話 15 館長 中彈
鄭文燦 vm219 館長 24 早日
電視 vm219 對館 表白 隔空
vm219 明年 韓要 信號 黨揆
vm219 再輸 15 備戰 2024
國民黨 vm219 2024 15 評委
vm219 市長 全代會 15 出席
vm219 15 tvbs 韓國瑜 出席
vm219 不同 標準 跨縣 美豬
vm219 口罩 美豬 15 遭批
vm219 爭議 大戰 強化 15
全台 vm219 15 透透 推行
vm219 慢國際 國安產業 疫苗 一大步
vm219 15 快評 蠢行 蠢話
vm219 嘉觀點 林進 卑微 官字
vm219 選區 進步 顯聖宮 竹縣
陳昌輝 vm219 總統 豬心 15
抗議 祝大會 15 vm219 出席
vm219 全台 15 周四 報到
週四報 vm219 全台 15 變天
周四 vm219 15 首波 入秋
鮮半島 降雨 雷雨 vm219 今撲朝
週四鋒面 週二 不佳 天氣 vm219
15 vm219 旅行社 網收 易遊
vm219 體門市 重災產業 東森新聞 疫情
關門潮 一周 網關 年底 15
停業 剩國 旅行社 網關 解散
疫情 vm219 百萬 15 市省
文化局 vm219 15 金曲 歌王
vm219 定大鵬灣 15 嚴詠 林佳龍
vm219 嚴詠 15 歌團 金曲
vm219 百萬片 15 嚴詠 歌團
屏東 vm219 14 15 嚴詠
vm219 虐死案 15 出獄 凶嫌
出眾 vm219 氣質 天上 金錢豹
vm219 20 老司機 15 台中
vm219 15 沒電梯 滋事 變少
全斷 15 vm219 金錢 惡煞
15 口罩 點搶 中衛 全聯
vm295 疑洩產品 15 影片 曝光
vm295 完整 影片 產品 介紹
vm295 價格全 200 120hz 漲價
vm295 大亮點 售價 全新 旗艦
vm295 品牌 產品 完整 介紹
vm295 七成 15 收購 將下市
vm295 億元 今年 4205 15
vm295 月線 15 電子 高價
vm295 15 富錦明 市場 寶齡
vm295 利率 15 22 史上
vm295 店員恐 中獎 彩券 誤把
vm295 15 外資升目 標價 gis
vm295 國銀 15 金管會 海外
vm295 外資前 15 不大 股影響
vm295 外資 財經 15 股息
vm295 二大會計 15 董總 接軌
vm295 沒業界 保險 金管會 論壇
vm295 中國 平才 經濟 政策
vm295 中國 經濟 政策 學者
vm295 15 本月底 運營 服務
vm295 28 15 新浪 騰訊
vm295 15 騰訊 燈號 微博
vm295 28 15 微博 騰訊
vm295 28 15 微信 騰訊
vm295 營收 15 華邦電 旺宏
vm295 全新 tiguan 15 版本
vm295 15 76 polo 國產車
vm295 15 季線 美股 股本
vm295 股票 大舉 15 董事
vm295 15 三十二 十四 美的
vm295 李文勝 唐吉訶德 15 出超
vm295 贏定 插旗 唐吉訶德 登台
vm295 唐吉軻 台灣會 小母湯 德落
vm295 唐吉軻德 15 插旗 西門
vm295 唐吉軻德 哈日族 台展 15
vm295 15 台灣 網推 13
vm295 5g 15 25 谷歌
vm295 德國售價 150 15 5g
vm295 電信商 電子 手機 科技
vm295 電信商 15 5g 25
vm295 5g 15 pixel 售價
vm295 14nm 15 intel 桌上型
vm295 5g 15 tiger flex
vm295 筆電 15 微星 英特
vm295 tremont 10nm pentium 15
vm295 為何 tiger 差距 效能
vm295 爸送 威士忌 15 轉售後將
vm295 28 威士忌 老爸 每年
vm295 年後足夠 威士忌 英父 15
vm295 禮物 全賣 威士忌 28
vm295 英男賣 15 威士忌 28
vm295 今年 營收 單月次 獲利
vm295 15 科技股 台北 股長
vm295 晶片 15 佔率 明年
vm295 今年 年耗 15 全球
vm295 手機 洗牌 30 40
vm295 15 裝置 華為 占居
vm295 全球 15 預測 手機
vm295 半導體 15 台鏈 第三代
vm295 15 s20 三星 規格疑
vm295 現什麼 30 15 升值
vm295 匯率 外資狂 主因 升值
vm295 15 幣升勢 專欄 彭博
vm295 吳欣儒訂 15 五大 總座
vm295 電動 15 電池 機車
vm295 15 輕型 機車 能海
vm295 四萬有 電能 機車 值電動
vm295 15 機車 電動 上市
vm295 便宜 新車 充電動 機車
vm295 15 程式 洛克人 洛克
vm295 15 洛克人 程式 教材
賞大稻 市府 景點 人潮 私房
台北 黎和生態 公園 新景 還可遠眺
櫻花 vm333 花景 迎春 15
vm333 山林 自然 浪漫 白石
vm333 週末 硫磺 大免費 新開放
台北人 新北人 遊現 雙北 景點
vm333 陽明山 台北 境景點 15
vm333 27 景點 15 北市
登場 vm333 系景點 台北 15
vm333 320 防疫 再增 景點
vm333 15 景點 人潮 北市
vm333 熱門賞 台北 15 螢景點
vm333 島濕地 台北 系景點 15
vm333 親子遊 15 濱共融式 大佳河
台北 33 vm333 當地 景點
vm333 台北 乘客 當局 武漢
崎公園 龍鳳谷 vm333 琉磺谷 15
vm333 鼠年 15 中南 財北
vm333 台北市 15 12 春節
vm333 曝關鍵 日本 網友 15
vm333 311 年增 歷年 單月
vm333 進口 中國 成長 15
vm333 連二紅 單月 新高 超旺
vm333 中國 貿易 預期 對美順
vm333 年增 爆發 15 大陸
vm333 勝利之路 晶片 斷供 大限
vm333 英雄 15 產生 華為
vm333 信仰 打勝仗 15 困難
勝利之路 vm333 晶片 斷供 15
vm333 15 囤貨 大量 應鏈
vm333 15 印鈔 各國狂 泡沫
vm333 合作 超商 15 volvo
vm333 5000 享獨家 元禮卷 volvo
點抽百萬 vm333 900 會員數 小七強
vm333 坦克 便利商店 瑞典 15
vm333 品牌 volvo 15 北歐
兩年 vm333 15 董事 獨家
大變數 vm333 15 專家 答案
vm333 疫情 今年 台積電 衝擊
vm333 今年 運動會 電回 15
營收估 vm333 季增 年度 115
vm333 15 取消 公司公告 台積電
vm333 制裁 技術 中芯國際 股後股價
vm333 15 黑名 台廠 三家
vm333 專家估 供應鏈 15 晶片
