隨後股價 股票 連跌 特斯拉 董事
大跌 科技股 美股 星展 投資
那斯達克崩 回調 外媒 一波 解析
大跌 投資人 恐變心 美股 10
美股 暴跌 道瓊 衝高 股災
電跌 重挫 台積 台股 恐飆
將崩盤 慘跌 美股 指數 飆升
暴跌 拖累 台股 重挫 美股
美股 恐大 大選 當天 危機
股災 暴跌 飆漲 指數 道瓊
大跌 拖累 重挫 短線勢 盤前
力勝 鏈不分 fta 企實 供應
紅色供 顏色 應鏈 趨勢 崛起
紅色供 大過 顏色 應鏈 趨勢
韓國簽 漸強 fta 實力 優勢
談紅色 大過 顏色 應鏈 趨勢
晶片 棄台 積電有 大廠 玄機
股價 電是 金融 台積 不貴
掀史 漂族 南科 崛起 回流
台積電 方案 物理 通過 ansys
南科將 國際大廠 南科 竹科 南下
信邦 收連 收同 新猷 新高
締新猷 信邦連 五月
收靚 宏捷科 助攻 月營 美化
聚陽 營收 增至 億元 最佳
聚陽 收勁揚 月營 28
金挫 崩跌 美股 低點 貴金屬
債明 顯彈 可期 研究 市場
基金 市場 到期 目標 選項
債明 升後市 顯彈 可期 市場
營收 億元 新高 豪展 16
新興債 買點 中長
外資 掃貨 台積電 萬張 不是
外資買 台積 電轉 超百億元 這檔
外資大 賣超 台股 挫逾百點 提款
股虎頭 市多空 表態 強勢 蛇尾
三大法人賣超台股237 54億元
出價 零股 經常槓 這樣 投資術
零股 盤中 圖解 上路 搞懂
出價 零股 經常槓 這樣
零股 盤中 撮合 點半 上路
零股 萬買進 招讓 投資 小資族
口罩 遲交 自清 旁門 左道
曝光 口罩 心酸 庫存 加利
自掘 加利 以國家隊 為恥 律師
欺騙簽 吊銷 遭官員 藥證 加利
比醫 防護率 百分比 加利 藥師
秀白紙 加利 黑字 打臉 合約
經部秀合 八道 加利 簽白紙 內容
口罩 老鼠屎 混入 加利 王美花
之馬 王美花斥 加利 混用 口罩
不足 回擊 加利 產能 沒有
混賣 宜悍 加利 清查 侯友
混大 出國家隊 業者 趕快 口罩
委屈 口罩 實名制 廠商 侯友宜
混大陸 矇騙 侯友宜 痛心 最新
混賣 貨侯友 清查 黑心 口罩
海關查 銷毀 口罩 獲未 加利
混中 快新聞 加利 怒批 口罩
加利 口罩 五四三 別講 以國家隊
貨陳時 華視 口罩 中重 混入
舉動毀 犯法 訓斥 加利 五四三
王金平 將率團 參加 海峽 論壇
辦海峽 陸委會 禁在 明令 論壇
吳敦義 阻撓 王金平 海峽 沒資格
辦海峽 陸委會 禁止 提三項 大陸
辦海峽 北京 不鼓勵 參與 陸委會
商不願 其邁 口罩 加利 徵用
其邁 加利 不以 出國家隊 為然
傳高雄 邁要 上繳 口罩 用量
要罰 高雄市 口罩 不戴 公共
漏網 口罩 追查 之魚 高雄
不義之財 王定宇 拆穿 口仁義 加利
分裝 王定宇 加利 額外 高喊
下場 叫囂 自掘 斷言 加利
混充 不義之財 王定宇 業者 加利
宇痛 口仁義 盡壞 王定 加利
加利 恥國家隊 中天 以國家隊 口罩
退貨 外有 半開 紙箱 鐵門
mit 防疫 許中 口罩 冒充
護照 外媒 非官方 台灣 搶報
taiwan 護照 六成 凸顯 民眾
顯台灣 護照展 高鈺婷 意象 新版
換黨徽 點名 邱顯 智籲 國民黨
護照 台灣 高鈺婷 凸顯 意向
mit 口罩 品質勝 加利 中心
混實名 制民眾 口罩 搶換貨 華視
換貨民眾 混入 口罩 加利 打壞
曝光 口罩 心酸 庫存 加利
衛福部 公布 累犯 加利 中天
批中 現賀 高估 國承諾 吉普
台北 台灣 身分 布拉格 驚人
賀瑞普 柯文 哲與 直播 最帥
台灣 台北 參議長 吉普 事實
巡演 愛樂樂團 取消 布拉格 不為
移入 點緊 說明 記者 下午
肺炎 醫症 台商 返國 不適
例確診 風波 快訊 口罩 中心
診匡列 武肺 無症 疫報 多歲
無症 機接 觸者 確診 多歲
菅義偉 呼聲 接班人 安倍 最高
下台 台日 終結 安倍 情感
菅義偉將 日相 接班人 上位 大人
菅義偉 突襲 黨魁 大叔 宣布
蔡增家 派系 接班人 主導 安倍
辦海峽 陸委會 禁在 明令 論壇
吳敦義 阻撓 王金平 海峽 沒資格
江啟 王金平 參加 海峽 論壇
辦海峽 北京 不鼓勵 參與 陸委會
王金平 率團 參加 國民黨 海峽
歐銻銻放棄 范立 代理 負責 消費者
台灣禁 陸劇 難道 愛奇藝 洗腦
ncc 台灣 代理商 代理 今起
吵什麼 草案 ott 問答 大關鍵
歐銻銻 封殺 並裁員 停止 代理
rtx 單風扇 曝光 短小精悍 3060
聞台 空腳卡 立新 全下 車狂
降低 微軟 更新 表示 ssd
加載 將採用 縮短 遊戲 時間
台鐵新購 emu900 運送 電聯車 入港
江啟 中黨 甩親 需中國 常委
華視 藍數位 近距 影片 線民眾
兩岸 桌江 啟臣 國民黨 常委
江啟 聞台 立新 常委 論述
評論網 戲碼 重演 包圍 地方
日府 憲兵 邰智源 民視 今天
憲兵 合體 鄉民 現身 英文
當憲兵 邰智源 總統
萬人朝 曝光 憲兵 圍撐 渾圓上
憲兵 邰智源 今日 胖一點 一日
google 交通流量 地圖 預測 改良
預測車 解密 google 流量 怎麼
預訂 google 訂餐 地圖 推出
訂位 買門票 推新 google 地圖
專頁 足跡 地圖 裡尋找 google
部秀 加利 白紙 黑字 打臉
曝光 口罩 心酸 庫存 加利
半價原 網轟 萬片 物料 還倒
混大 出國家隊 業者 趕快 口罩
落共軍蘇愷 空軍駁 飛彈擊 傳台灣 墜毀
軍蘇愷 台灣擊 鄭重 防部 墜機
傳台灣擊 su 中共 鄭重 駁斥
台灣擊 子虛 烏有 落共機 快訊
台灣擊 子虛 su 烏有 駁斥
mit 海關 口罩 加利 萬片
曝光 口罩 心酸 庫存 加利
新北女 曝光 加利 身分 吹哨
換貨民眾 混入 口罩 加利 打壞
賊星 熱血女 該敗 加利 直呼
憲兵 邰智源 他變 一日 英文
日府 憲兵 邰智源 民視 今天
憲兵 合體 鄉民 現身 英文
萬人朝 曝光 憲兵 圍撐 渾圓上
當憲兵 邰智源 總統
移入 點緊 說明 記者 下午
肺炎 醫症 台商 返國 不適
快新聞 返國 移入 多歲 確診
無症 機接 觸者 確診 多歲
肺炎 武漢 移入 說明 中心
日媒 台灣 崩潰 地區 中國
華春瑩 日媒 台灣 崩潰 英文
華春瑩 日媒 台灣 中國 地區
狂犬病 網憂 華媽 華春瑩 非總統
網酸爆 禁抖音 轟美國 反遭 華春瑩
商不願 其邁 口罩 加利 徵用
高雄市 其邁 分局 高雄 0904
違規將 高雄業者 制傳 高市 口罩
口罩 配送 名制 澄清 非實
要罰 高雄市 口罩 不戴 公共
卡為何 記憶體 rtx 顯示 漲價
不加價 輝達 加量 顯卡 奔漲
rtx nvidia 卡王 懶人包 系列
nvidia 包統 gpu 真香 整給
微星 外資 價上 180 目標
rtx 系顯示 電競 滑鼠 卡登
nvidia rtx 顯卡 三星 系列
卡捷運 車狂 空腳 推車 全下
地圖 google 替代品 華為 怎麼
死刑犯 被害者 生命 正義 只有
死刑犯 民視 只有 生命 兒子
死亡 煎熬 等待 過程 生命
死刑犯 紀錄片 漫長 艱辛 觀賞
瘦肉精 美豬 口罩 不好 管好
五四三 快評 應盡 關責任 重磅
瘦肉精 美豬 華視 口罩 不好
洪秀柱 放美豬 美牛 四不一 將開
嘉宏 分題 上報 倒扣 專欄
爆彈 殘體 軍人節 驚見 金門
封鎖線 爆彈 岸際 急拉 驚見
金門岸 爆彈 岸際 古寧頭 趕往
爆彈 岸際 驚見 古寧頭
賴清德 參議長 提供 晚宴 強化
台賴 清德 正義有 捷克 友人
騙台灣 賴清德 見利 加利 寬貸
參議長 賴清德 處長 ait 出席
賴清德 齊為 團設 努力 答謝
搜救 嗅到 跡象 爆炸 特大
爆炸 跡象 直播 黎巴嫩 中現
跡象 爆炸 中疑 還者 貝魯特
爆炸 傳廢墟 跡象 特大 貝魯
爆炸 跡象 偵測 搜救 黎巴嫩
批中 現賀 高估 國承諾 吉普
台美合辦 應鏈 脅迫 重組供 保供
台美經濟 應鏈 酈英傑 關注 優先
錢志健 鄭團隊 別攬 核級 人生
應鏈 脅迫 保供 固供 聯合
暴跌 低點 恐讓 股市 道瓊
大跌 美股 淒慘 指數 走勢
台股 暴跌 重挫 指數 美股
困獸 蔡霞們 之鬥 反習 二代
平反 絕不答 習近 擊美國
陸美將 持久 答應
王岐山 近平 中共 抗日 露面
僵局 大陷 習近 鞏固 平藉
殺案 下毒 梅克爾證實 普丁政敵 諾維喬克
投毒 普欽政敵 諾維喬克 經毒 確認
普廷政敵 俄諜案 下毒 毒劑 神經
殺案 諾維喬克 20200903 否認 華視
克里姆林 指控 毫無 道理 中毒
肺炎 醫症 台商 返國 不適
無症 機接 觸者 確診 多歲
診匡列 武肺 無症 疫報 多歲
台灣 風波 例確診 明中國 口罩
快新聞 返國 移入 多歲 確診
暴漲 襲韓 橋塌 曝光 男向
鮮半島 劉寶傑 李正皓 風橫 轉播
韓連 遭雙 海神 重疊 南北
鮮半島 梅莎橫 掃朝 南韓 2000
官媒 災情 風梅莎 罕見 報導
川普籲 選民重 違法 投票 北卡
川普造勢 選民重 投票 呼籲 帶頭
選民重 疑通訊 違法 川普質 不公
川普 文鼓 投票 推特貼 警告
選舉川 兩次票 呼籲 違法 帶頭
媽媽 世上 如何是好 只有 這樣
脅迫 歐日重 應鏈 組供 美台
台美合辦 應鏈 脅迫 重組供 保供
台美經濟 應鏈 酈英傑 關注 優先
崎公園 琉磺谷 花海 taipeiwalker 龍鳳谷
山林 自然 隱身 獨享 風光
花景 金香 櫻花 迎春 透透
遊現 新北人 taipeiwalker 雙北 解憂
陽明山 ig 版面 境景點 大秘
谷泡 順遊 腳池 北投 溫泉
北市 上線 景點 27 影像
黎和生態 還可遠眺 台北 原生 佔地
山林 自然 隱身 獨享 風光
花景 金香 櫻花 迎春 透透
陽明山 ig 版面 境景點 大秘
谷泡 順遊 腳池 北投 溫泉
北市 上線 景點 27 影像
隨後股價 股票 連跌 特斯拉 董事
科大 淨利 補貼 制裁 高出
保時捷 taycan 借員工 幫忙 奧迪
保時捷 taycan 賣到 奧迪員工 調數
taycan 熱賣 電動車 趕工 同系
暴跌 低點 恐讓 股市 道瓊
大跌 美股 淒慘 指數 走勢
台股 暴跌 重挫 指數 美股
李玖哲 相馬茜 淚別 機場
拋相馬茜 離日切 哀號 李玖 結書
授育兒 董親 柯有 奶爸 倫公開
哲離 結書 簽切 回不去 李玖
皮朋 爆氣 詹皇 nba 只是
禁區 連敗 公鹿 撤出 格林
旺火 輪熱火 公鹿 集熱火 肯尼
熱火為 公鹿 意料之外 淺談 戰果
皮朋 天下 不爽 反擊 第二
血糖 固醇 降膽 還能控 食物
維生素 本篇 沒告訴 夠了 細節
卡介苗 廠牌 免緊 轉換醫 效果
臟病 中年 以後心 別憂鬱 機率
頸癌 病率 病毒 子宮 hpv
練美施 kol 性病 macy hpv
美豬 吵什麼 進口現 到底 其實
血糖 巧克力 頭暈時 為何 記下
面不改色 幾杯還 喝酒 肝功能 打臉
味精 口乾舌燥 加太多 錯怪 好像
立院 愛滋 病患 將可器 原者
林俊憲批 故宮 點把 乾脆 國民黨
歸藍營 柏惟 vm219 故宮 你們換
千億黨產 com 宮國 vm219 立新
宮門票 黨產變 吳佩蓉 查黨 vm219
宮國 麗旭喊 vm219 回故 當年
vm219 美連假 疫情 再起 效應
肺炎 大染疫國 疫情 確診數 vm219
vm219 萬人 移入 確診 境外
封鎖變 疫情 vm219 英媒指 原因
vm219 普篩 確診 病例 新增
湧藥局 vm219 口罩 中天 加利
為恥 vm219 加利 同業 以國家隊
健保卡 快新聞 換貨 日前 vm219
vm219 口罩 加利 駁斥 台灣
退貨潮 拋售 vm219 20200907 口罩
興內鬥 爛紙 vm219 完蛋 北辰
無中生 臧幼俠 興黨部 直播 vm219
vm219 直播 遭開 完蛋 北辰
轟軍系 自爆 遭黃 vm219 北辰
蔡忠 遭國民黨 北辰 vm219 主委
豬更 美豬 柯文 宇駁 哲說
柯文 少康 引論戰 王定宇 美豬
買美豬 柯文 王定宇 vm219 揭真實
加豬 比美 少康 王定宇 vm219
瘦肉精 點論 少康 vm219 美豬
突擊艇 剩尾數 飛彈 海軍解釋 vm219
恐未開 艦造 艦隊 vm219 巡防
突擊艇 飛彈 造不造 vm219 立院
魚叉 突擊艇 案恐 卡位 飛彈
突擊艇 vm219 抖出 純屬 飛彈
vm219 nvidia rtx 曝光 顯卡
macos vm219 軟體 無阻 橫行
壅塞 google vm219 怎能 maps
客運將 vm219 風聲鶴唳 現攬 白牌車
勝利國民黨 vm219 悲歌 名嘴 國民黨
vm219 議員 九二 輕人 共識
胖子 打腫 寒酸 江啟 vm219
嘉宏 宿命 vm219 上報 專欄
打擊共諜 連勝文稱 未必 vm219 張博洋
美豬 柯文 最後窮 哲說 侯友宜
美豬 扞格 難同 疑慮 調侯友
vm219 宜聯訪 直播 侯友 現場
小吃 美豬 侯友宜 vm219 窮人
柯文 vm219 美豬 侯友宜 引熱議
避摸頭江 開放美豬 暫緩 啟臣 vm219
傳江 不樂見 婉拒 啟臣 引起
藍委時間 ait 美豬 vm219 邀約餐
江啟 立委 vm219 ait 婉拒
處長 開放美豬 暫緩 vm219 江啟
搶北市 蔣太多 韓國瑜 蔣萬安 網曝關鍵
遭點 名選 vm219 不能 挺過
選北市 華視 vm219 支箭 20200907
初選 蔣萬安 選邊 vm219 網友
中選 蘇揆 摔倒 台北市 vm219
勝利國民黨 vm219 悲歌 名嘴 國民黨
vm219 議員 九二 輕人 共識
胖子 打腫 寒酸 江啟 vm219
嘉宏 宿命 vm219 上報 專欄
打擊共諜 連勝文稱 未必 vm219 張博洋
湧藥局 vm219 口罩 中天 加利
為恥 vm219 加利 同業 以國家隊
vm219 口罩 加利 駁斥 台灣
退貨潮 拋售 vm219 20200907 口罩
vm219 口罩 萬片 改口 扣押
美豬 柯文 最後窮 哲說 侯友宜
美豬 扞格 難同 疑慮 調侯友
小吃 美豬 侯友宜 vm219 窮人
柯文 vm219 美豬 侯友宜 引熱議
vm219 宜聯訪 直播 侯友 現場
處長 開放美豬 暫緩 vm219 江啟
避摸頭江 開放美豬 暫緩 啟臣 vm219
藍委時間 ait 美豬 vm219 邀約餐
傳江 不樂見 婉拒 啟臣 引起
江啟 立委 vm219 ait 婉拒
搶北市 蔣太多 韓國瑜 蔣萬安 網曝關鍵
遭點 名選 vm219 不能 挺過
選北市 華視 vm219 支箭 20200907
初選 蔣萬安 選邊 vm219 網友
vm219 主動表態 戰開 藍營 新聞網
中鋼 封閉 其邁 巨蛋 座大
其邁 汙染 中鋼 vm219 監測
訪林佳龍 國旅夯 大港 高雄 落成
vm219 高雄 全力 小英 保安
皮功 美豬 vm219 邁臉 宜康
豬肉萊劑 食藥署 殘留量 悄上網 vm219
食藥署 美豬萊劑 vm219 悄悄 殘留
落海 遭浪襲 漁港 vm219 命危
瘋狗浪 落海 vm219 曝光 翻攝
漁港釀 瘋狗浪 曝光 vm219 事發前
落海 瘋狗浪 吞噬 vm219 20200907
波瘋狗浪 浪吞人 vm219 人車 瘋狗
林俊憲批 故宮 乾脆 點把 vm219
歸藍營 柏惟 vm219 故宮 你們換
萬人 vm219 故宮 東西屬 藍營
林俊憲狠 vm219 網友 不如 叫好
vm219 kmt 立委 黨產會 還錢
vm219 口罩 勸別 加利 想報
vm219 不好 加利 我人 道歉
mit vm219 口罩 加利 上游
口罩 網驚 曝光 vm219 夭壽
換貨 健保卡 貨單 vm219 口罩
館長 vm219 來電 還願意 這樣
館長 中槍 透露 vm219 第一通
自陳其邁 館長 中彈 vm219 開刀後首
鄭文燦 vm219 早日 館長 祝福
隔空 對館 其邁 vm219 機前
黨揆 韓要 vm219 斷言 合體
評委點將 正副 再輸 備戰 朱立倫
正副 vm219 徵召 朱立倫 韓國瑜
vm219 全代會 曝光 合體 韓國瑜
vm219 全代會 避開 出席 刻意
排骨 跨縣 縣市 美豬 vm219
遭批 vm219 口罩 美豬 不鬥
vm219 不休 美豬 標示 強化
將下 透透 vm219 推行 全台
疫苗 扶植 慢國際 vm219 國安產業
vm219 快評 蠢話 蠢行 15
vm219 官字 卑微 嘉觀點 林進
竹縣 湖口 還願 vm219 顯聖宮
陳昌輝 換絕情 豬心 美豬 vm219
vm219 美豬 節慶 祝大會 出席
五雨彈 vm219 鋒面 周四 全台
變天 週四報 vm219 入秋 鋒面
氣象局 降雨 首波 入秋 vm219
雷雨 降雨 今撲朝 鮮半島 海神
恐變天 週四鋒面 vm219 空品 不佳
vm219 閉潮 旅行社 網收 雄獅關
體門市 東森新聞 vm219 關店 掀實
體門市 vm219 易遊 關門潮 年底
vm219 求生 停業 剩國 易遊
vm219 市省 易遊 疫情 實體門
其邁 歌王 vm219 文化局 紀念
定大鵬灣 林佳龍 嚴所屬 vm219 嚴詠
嚴詠 vm219 打狗亂 金曲 歌團
vm219 精摘 嚴詠 加利 打狗亂
能魂斷 嚴詠 猝死 vm219 公祭
虐死案 遭押 金錢豹 凶嫌 出獄
金錢豹 vm219 長紅 天上 出眾
金錢豹 vm219 天上 透露 屹立
沒電梯 稱霸 變少 vm219 天上
打死 豹門口 全斷 惡煞 vm219
口罩 點搶 vm219 頭香 限定
vm295 影片 疑洩產品 xperia 曝光
影片 vm295 xperia 介紹 官方
vm295 帶魚 xperia 曝光 索尼
vm295 xperia 曝光 大亮點 遭外
vm295 影片 xperia 品牌 介紹
將下市 vm295 門檻 昌化 七成
vm295 鴻海 營收 4205 同期
vm295 股無力 翻黑收 股盤 失守
vm295 停牌 富錦明 寶齡 可能性
vm295 年創 貸要 利率 還清房
店員恐 彩券 vm295 中獎 急尋
vm295 gis ky 標價 外資升目
金管會 vm295 國銀 海外 15
外資前 vm295 天牧 不大 對台
外資 vm295 天牧 股息 財經
天牧斥 vm295 董總 接軌 二大會計
vm295 金管會 沒業界 不知其所以然 主委
vm295 德智庫 碰壁 習近 平才
vm295 德智庫 碰壁 將四處 學者
vm295 騰訊 微博 本月底 停止
vm295 微博 騰訊 本月 獨大
燈號 vm295 吹熄 騰訊 微博
vm295 不玩 微博 騰訊 關閉
vm295 微博不敵 騰訊 微博 新浪
華邦電 vm295 旺宏 營收 11
車尾換 vm295 福斯 tiguan 公布
國產車 vm295 福斯 polo 價格
vm295 變盤 美股 季線 周恐
拋售 財經 vm295 股票 套現
vm295 減持 十四 現近 三十二
日系 李文勝 唐吉訶德 vm295 出超
唐吉訶德 vm295 西門 贏定 登台
vm295 唐吉軻 台人 德落 小母湯
唐吉軻德 vm295 西門 徵才 插旗
唐吉軻德 vm295 台展 哈日族 將在
vm295 逛起 爽快 網推 來超
vm295 谷歌 上市 5g 手機
vm295 曝光 pixel pixle 價差
vm295 爆雷 pixel google 最快
vm295 pixel 暴雷 google 上市
vm295 pixel 曝光 同日 5g
vm295 intel 理器 rocket 14nm
intel vm295 理器 5g galaxy
微星 筆電 vm295 理器 英特
intel jasper vm295 曝光 驅動
intel vm295 為何 差距 cpu
轉售後將 曝背 威士忌 爸送 vm295
威士忌 vm295 老爸 準備 每年
威士忌 英父 vm295 上車 年後足夠
威士忌 全賣 回一棟 vm295 生日
英男賣 威士忌 vm295 間房 人生
vm295 估衝 立隆 營收 新高
vm295 股長 科技股 不變 風險
晶片 vm295 耗盡 估華為 暴跌
vm295 估萎 晶片 年耗 銷量
vm295 華為 供應 重新 洗牌
vm295 占居 華為 穿戴 裝置
vm295 貨量 下滑 品牌 研調
vm295 半導體 搶食 台鏈 商機
vm295 三星 galaxy 新機 s20
幣長 升值 外資 翻天覆地 vm295
外資狂 匯率 升值 vm295 主因
vm295 幣升勢 彭博 專欄 專區
吳欣儒訂 vm295 新壽 總座 五大
機車 vm295 電池 月租 電動
充電動 機車 vm295 能海 電能
機車 值電動 vm295 能海 四萬有
機車 vm295 能海 電動 電能
機車 充電動 vm295 標哥 新車
vm295 造型 洛克 洛克人 操作
寓教 vm295 洛克人 可學 自組
人潮 賞大稻 景點 火遠離 市府
還可遠眺 黎和生態 原生 vm333 新景
花景 金香 櫻花 透透 迎春
山林 vm333 隱身 自然 獨享
谷泡 順遊 腳池 vm333 北投
遊現 vm333 taipeiwalker 新北人 解憂
陽明山 ig vm333 境景點 版面
vm333 景點 北市 上線 影像
油桐 系景點 螢火蟲 虎山 花步
同仁 vm333 防疫 宣布 北市
人潮 vm333 供查詢 爆滿 連假
vm333 熱門賞 螢景點 透晚 志工起
超萌小水 系景點 放空 公頃 taipeiwalker
濱共融式 親子遊 繽紛 大佳河 vm333
網驚呼 景點 vm333 小地 台北
武漢 vm333 警示 當局 郵輪
崎公園 琉磺谷 花海 龍鳳谷 taipeiwalker
鼠年 走春求 財北 vm333 出遊
走春去 vm333 台北市 旅遊 著名
人遊台 vm333 網友 個景點 曝關鍵
vm333 年增 新高 歷年 美元
vm333 下降 進口 月份 出口
vm333 超旺 連二紅 新高 創歷
vm333 遠超 擴大 預期 中國
vm333 年增 爆發 出口 大陸
斷供 勝利之路 vm333 晶片 華為
vm333 難會 華為 任正非 產生
打勝仗 指華為 vm333 任正非 成為
斷供 vm333 勝利之路 華為 晶片
囤貨 vm333 應鏈 華為 保供
vm333 各國狂 大公 絕招 印鈔
超商 vm333 休旅 xc40 volvo
vm333 享獨家 volvo 元禮卷 交車
點抽百萬 名車 vm333 小七強 攻數位
品牌 vm333 坦克 便利商店 竟能
vm333 品牌 volvo 得到 真的
操死 獨家 vm333 燦坤 現在
台股 vm333 走空 快逃 大變數
vm333 台積電 取消 疫情 今年
vm333 台積 電回 取消 今年
營收估 vm333 停辦 20200907 台積電
vm333 取消 台積電 運動會擬 公司公告
中芯國際 股後股價 落差 vm333 重挫
vm333 傳中 黑名 外資 三家
晶片 vm333 制裁 供應鏈 專家估
