隨後股價 出脫 特斯拉 連跌 股票
健康 修正 星展 大跌 科技股
那斯達克崩 修正 一波 綜合 開始
大跌 投資人 美股 恐變心 專家
800 科技股 衝高 股災 暴跌
200 壓力 電跌 重挫 恐飆
將崩盤 分析 美股 代表 飆升
200 一度 重挫 飆漲 暴跌
大選 恐大 當天 地震 美股
科技股 800 飆漲 股災 暴跌
大跌 美股 盤前 短線勢 重挫
鏈不分 童子 顏色 供應 企實
童子 紅色供 顏色 趨勢 產業
童子 紅色供 大過 顏色 選擇
韓國簽 實力 童子 經貿 看似
童子 談紅色 大過 顏色 選擇
積電有 大廠 玄機 繪圖 棄台
全世界 一點 美國 金融 電是
掀史 移民 最大 南科 漂族
台積電 物理 通過 方案 ansys
國際大廠 南科將 世界 兩年 成為
新高 新猷 信邦 月營 收同
信邦連 締新猷 五月
宏捷科 收靚 助攻 月營 美化
億元 聚陽 營收 最佳 增至
28 收勁揚 月營 聚陽
貴金屬 美股 金挫 一週 趕忙
債明 新興 研究 顯彈 報告
基金 變動 選項 到期 優質
升後市 新興 債明 顯彈 可期
新高 億元 豪展 營收 16
新興債 中長 買點
台積電 不是 萬張 竟然 瘋狂
超百億元 外資買 最愛從 電轉 這檔
外資大 三大 億元 挫逾百點 賣超
市多空 分析 股虎頭 表態 蛇尾
三大法人賣超台股237 54億元
出價 經常槓 投資術 零股 這樣
分鐘 上路 投資術 盤中 新制
出價 經常槓 零股 這樣
小資族 投資術 撮合 上路 福音
小資族 萬買進 零股 招讓 投資
口罩 左道 國家隊 自清 旁門
口罩 心酸 加利 曝光 家裡
以國家隊 加利 自掘 為恥 律師
加利 遭官員 欺騙簽 合約 空白
百分比 95 加利 99 防護率
秀白紙 政府 合約 加利 簽約
經部秀合 簽白紙 加利 清楚 簽名
口罩 實名制 口中 王美花 加利
王美花斥 口罩 加利 東怪 還怪
經濟部 以國家隊 沒有 加利 不足
口罩 國家隊 全國 加利 清查
出國家隊 國家隊 口罩 混大 業者
實名制 大陸制 出現 口罩 侯友宜
痛心 混大陸 最新 口罩 市民
口罩 黑心 痛心 國家隊 全面
進口 口罩 社會 海關查 加利
負責人 民視 快新聞 口罩 混中
五四三 以國家隊 口罩 加利 違法
口罩 20200904 加利 中重 貨陳時
五四三 努力 一個 加利 犯法
王金平 將率團 參加 海峽 論壇
辦海峽 陸委會 明令 論壇 禁在
吳敦義 王金平 海峽 英文 沒資格
禁止 提三項 將舉 辦海峽 大陸
辦海峽 將舉 不鼓勵 人士 陸委會
口罩 商不願 國家隊 加利 不以
出國家隊 加利 不以 非常 為然
口罩 國家隊 傳高雄 上繳 清楚
口罩 公共 高雄市 不戴 醫院
口罩 全面 之魚 追查 記者
口仁義 不義之財 口罩 黑心 加利
分裝 加利 一切 高喊 額外
出國家隊 加利 自掘 叫囂 斷言
不義之財 口罩 洗白 加利 還幫忙
口仁義 加利 道德 關鍵 還滿
恥國家隊 以國家隊 沒人 加利 口罩
大陸 加利 鐵門 紙箱 科技
破口 口罩 黑心 許中 不容
非官方 意外 設計圖 外媒 護照
民眾 六成 taiwan 非常 護照
高鈺婷 時力 顯台灣 護照展 設計應
國民黨 智籲 用行動 點名 換黨徽
高鈺婷 主權 肯定 時代 意向
口罩 品質勝 加利 中心 指揮
混實名 制民眾 20200904 口罩 搶換貨
換貨民眾 實名制 口罩 信用 加利
口罩 心酸 加利 曝光 家裡
衛福部 三月 公布 加利 20200904
批中 國承諾 吉普 中國 高估
身分 市民 驚人 布拉格 市長
賀瑞普 記者 直播 最帥 捷克
參議長 市民 吉普 而且 台灣
國際 愛樂樂團 布拉格 不為 中國
說明 新增 一例 下午 境外
返國 新冠 不適 醫症 肺炎
口罩 風波 下午 說明 中心
40 武肺 診匡列 返台 疫報
同班 40 確診 無症 機接
媒民調 接班人 菅義偉 安倍 最高
台日 安倍 下台 終結 情感
菅義偉將 接班人 一次 安倍 上位
菅義偉 自民黨 十點 一樣 大叔
接班人 主導 安倍 蔡增家 論壇
辦海峽 陸委會 明令 論壇 禁在
吳敦義 王金平 海峽 英文 沒資格
國民黨 參加 王金平 海峽 江啟
辦海峽 將舉 不鼓勵 人士 陸委會
國民黨 說明 參加 王金平 海峽
歐銻銻放棄 范立 愛奇藝 消費者 負責
愛奇藝 用戶問 台灣禁 難道 洗腦
代理商 民視 愛奇藝 停止 代理
吵什麼 一次 大關鍵 草案 問答
停止 代理 歐銻銻 並裁員 愛奇藝
單風扇 短小精悍 曝光 公分 創始
全下 推車 低頭族 空腳卡 月台
更新 10 辦法 降低 竟會
將採用 10 大幅 時間 加載
台鐵新購 十月底 軌道 電聯車 普悠瑪
需中國 中黨 同意 江啟 閉嘴
線民眾 20200903 黨部 藍數位 華視
國民黨 桌江 論述 常委 堅持
需中國 同意 江啟 閉嘴 論述
國民黨 中央 評論網 地方 開講
邰智源 民視 胖一點 日府 今天
鄉民 英文 合體 總統府 美女
邰智源 當憲兵 總統
萬人朝 渾圓上 曝光 美女 照片
邰智源 胖一點 一日 今日 英文
google 地圖 交通流量 改良 合作
google 預測車 路線 解密 流量
google 推出 地圖 一鍵 預訂
google 新聞網 地圖 買門票 推新
2019 google 地圖 裡尋找 街景
白紙 政府 加利 合約 黑字
口罩 心酸 加利 曝光 家裡
社會 每月 加利 半價原 還倒
出國家隊 國家隊 口罩 混大 業者
落共軍蘇愷 空軍駁 飛彈擊 傳台灣 戰機
軍蘇愷 防部 台灣擊 解放 網傳
一架 傳台灣擊 中共 假訊息 駁斥
司令部 子虛 烏有 落共機 台灣擊
子虛 防部 烏有 35 台灣擊
口罩 口中 海關 加利 萬片
口罩 心酸 加利 曝光 家裡
身分 新北女 加利 曝光 吹哨
換貨民眾 實名制 口罩 信用 加利
熱血女 加利 賊星 直呼 吹哨
邰智源 社會 一日 英文 憲兵
邰智源 民視 胖一點 日府 今天
鄉民 英文 合體 總統府 美女
萬人朝 渾圓上 曝光 美女 照片
邰智源 當憲兵 總統
說明 新增 一例 下午 境外
返國 新冠 不適 醫症 肺炎
返國 快新聞 日本 40 新增
同班 40 確診 無症 機接
社會 新增 說明 下午 中心
領導人 日媒 地區 一個 總統
日媒 華春瑩 英文 總統 提問
領導人 日媒 地區 華春瑩 一個
領導人 狂犬病 地區 華春瑩 華媽
轟美國 華春瑩 網酸爆 禁抖音 雙重
口罩 商不願 國家隊 加利 不以
分局 高雄市 三民 民視 少女
高雄業者 口罩 違規將 高市 實名
口罩 澄清 非實 配送 記者
口罩 公共 高雄市 不戴 醫院
10gb 3080 nvidia 卡為何 記憶體
不加價 加量 微星 顯卡 輝達
懶人包 nvidia 新畫 面技術 30
懶人 nvidia 發表 整給 包統
價上 180 外資 微星 目標
新款 30 系顯示 電競 鍵盤
nvidia 30 奈米 三星 rtx
卡捷運 低頭族 全下 推車 超有
替代品 google 地圖 怎麼 華為
一次 正義 只有 死刑犯 被害者
民視 兒子 一次 生命 只有
一次 只有 生命 煎熬 死亡
兒子 人權 紀錄片 死刑犯 漫長
國民黨 美豬 政府 口罩 不好
五四三 政府 關責任 重磅 應盡
國民黨 美豬 新聞網 口罩 政府
四不一 放美豬 形同 將開 美牛
國民黨還 分題 英文 上報 給了
軍人節 古寧頭 九三 金門 驚見
古寧頭 驚見 封鎖線 金門 急拉
古寧頭 金門岸 發現 爆彈 岸際
古寧頭 驚見 爆彈 岸際
賴清德 兩國 總統府 合作 參議長
正義有 友人 國際 捷克 台賴
賴清德 見利 口罩 騙台灣 黑心
賴清德 出席 參議長 答謝 晚宴
賴清德 努力 國際 齊為 答謝
每分鐘 一個 貝魯 特大 生命
生命 黎巴嫩 中現 跡象 直播
貝魯特 生命 中疑 還者 跡象
一個 貝魯 特大 傳廢墟 生命
滿月 黎巴嫩 生命 跡象 爆炸
批中 國承諾 吉普 中國 高估
台美合辦 發表聯合 聲明 不受 重組供
台美經濟 酈英傑 關注 醫療 科技
錢志健 鄭團隊 人生 核級 別攬
台美日 聲明 不受 保供 聯合
明斯基 道瓊 800 股市 暴跌
大跌 科技股 807 道瓊 走勢
200 一度 美股 重挫 暴跌
蔡霞們 之鬥 困獸 反習 二代
擊美國 平反 絕不答 習近
陸美將 持久 答應
週年習 王岐山 露面 高調 高層
民族情 大陷 內外 習近 權威
普丁政敵 梅克爾證實 諾維喬克 遭化學 下毒
普欽政敵 蘇聯神 諾維喬克 經毒 確認
普廷政敵 神經 下毒 俄諜案 毒劑
20200903 俄國 諾維喬克 華視 殺案
克里姆林 俄國 道理 中毒 毫無
返國 新冠 不適 醫症 肺炎
同班 40 確診 無症 機接
40 武肺 診匡列 返台 疫報
明中國 口罩 風波 中心 下午
返國 快新聞 日本 40 新增
大喊 橋塌 曝光 客車 瞬間
鮮半島 風橫 李正皓 韓電視 劉寶傑
南北 專家 海神 韓連 路徑
鮮半島 2000 南韓 掃朝 梅莎橫
風梅莎 罕見 水裡 北韓 記者
選民重 北卡 違法 川普籲 投票
選民重 違法 川普造勢 投票 帶頭
選民重 違法 疑通訊 川普質 鼓勵
推特貼 投票 兩次 警告 川普
20200904 美總統 兩次票 選舉川 違法
如何是好 只有 這樣 媽媽 世上
美台 聲明 歐日重 安全 組供
台美合辦 發表聯合 聲明 不受 重組供
台美經濟 酈英傑 關注 醫療 科技
琉磺谷 龍鳳谷 婚紗外 情人 三層
白石 同心 山林 風光 隱身
櫻花 花景 迎春 台北市 點走
台北人 出發 新北人 知道 看山
大秘 花季 境景點 陽明山 準備
新開放 大免費 谷泡 腳池 硫磺
上線 北市 景點 影像 27
黎和生態 添一處 佔地 還可遠眺 公園
白石 同心 山林 風光 隱身
櫻花 花景 迎春 台北市 點走
大秘 花季 境景點 陽明山 準備
新開放 大免費 谷泡 腳池 硫磺
上線 北市 景點 影像 27
隨後股價 出脫 特斯拉 連跌 股票
近一半 科大 政府 中國 補貼
電動車 保時捷 借員工 幫忙 奧迪
奧迪員工 保時捷 不及 跑車 百名
porsche audi 工人 同系 400
明斯基 道瓊 800 股市 暴跌
大跌 科技股 807 道瓊 走勢
200 一度 美股 重挫 暴跌
李玖哲 相馬茜 淚別 機場
離日切 拋相馬茜 李玖 結書 返台
倫公開 一招 授育兒 柯有 董親
回不去 兩地 李玖 分隔 結書
nba 詹皇 皮朋 爆氣 字母
nba 公鹿 撤出 連敗 禁區
集熱火 輪熱火 旺火 公鹿 第二
意料之外 熱火為 公鹿 領先 淺談
nba 第二 不爽 皮朋 字母
還能控 降膽 血糖 固醇 食物
維生素 本篇 沒告訴 醫生 細節
一樣 卡介苗 轉換醫 效果 廠牌
青少年 以後心 增加 別憂鬱 臟病
定期 最大 造成 竟是 頸癌
網民關 練美施 真身 搜尋量 偷食
進口現 美豬 吵什麼 到底 其實
巧克力 頭暈時 記下 有用 血糖
面不改色 肝功能 幾杯還 不會 小心
口乾舌燥 加太多 錯怪 好像 味精
將可器 立院 三讀 原者 愛滋
國民黨 林俊憲批 故宮 不如 中國
15 故宮 你們換 歸藍營 柏惟
爆國民黨 政府 千億黨產 代表 立新
國民黨 宮門票 代表 高層 不如
國民黨 政府 代表 當年 15
15 美連假 vm219 疫情 效應
大染疫國 新增 新冠 更新 第二
萬人 更新 15 不斷 移入
英媒指 封鎖變 原因 第二 疫情
新增 vm219 15 例透過 香港
20200906 民眾 中天 口罩 加利
同業 以國家隊 社會 加利 我們
快新聞 健保卡 實名制 民視 日前
同業 口罩 國家隊 加利 15
20200907 中天 退貨潮 加利 口罩
國民黨 北辰 興內鬥 15 一張
遭國民黨 興黨部 無中生 北辰 臧幼俠
國民黨 民視 北辰 高喊 15
轟軍系 北辰 黨部 中央 開除
遭國民黨 蔡忠 主委 國園 北辰
窮人會 加拿大 美豬 15 柯文
窮人 美豬 15 柯文 王定宇
買美豬 揭真實 人才 15 柯文
比美 加豬 王定宇 不信 少康
15 美豬 王定宇 10 vm219
海軍解釋 預算大 突擊艇 剩尾數 之爭
無用論 恐未開 工先 巡防 夭折
立院 15 vm219 突擊艇 造不造
20200907 新聞岸 中天 生變 突擊艇
抖出 突擊艇 15 驚爆 飛彈
nvidia 3080 rtx vm219 15
還通過 vm219 軟體 認證 蘋果
google 15 官方 maps vm219
風聲鶴唳 白牌車 客運將 15 火車
勝利國民黨 國民黨 九二 英九 悲歌
國民黨 輕人 九二 15 vm219
國民黨 全代會 胖子 江啟 不會
政黨 上報 15 vm219 專欄
輕人 張博洋 連勝文稱 取代 打擊共諜
最後窮 美豬 15 柯文 侯友宜
自治 美豬 難同 社會 地方
15 2020 vm219 談美國 宜聯訪
窮人 富人 美豬 小吃 15
窮人 美豬 柯文 引熱議 侯友宜
開放美豬 避摸頭江 周四 15 餐會
不樂見 國民黨 傳江 不符 邀約
藍委時間 美豬 邀約餐 15 開放
國民黨 江啟 立委 15 駁斥
開放美豬 15 江啟 周四 處長
蔣太多 韓國瑜 搶北市 網曝關鍵 蔣萬安
台北市 三支 15 知道 不能
20200907 選北市 15 不知 能否
韓國瑜 台北市 15 蔣萬安 選邊
中選 一步步 台北市 蘇揆 摔倒
勝利國民黨 國民黨 九二 英九 悲歌
國民黨 輕人 九二 15 vm219
國民黨 全代會 胖子 江啟 不會
政黨 上報 15 vm219 專欄
輕人 張博洋 連勝文稱 取代 打擊共諜
20200906 民眾 中天 口罩 加利
同業 以國家隊 社會 加利 我們
同業 口罩 國家隊 加利 15
20200907 中天 退貨潮 加利 口罩
改口 中心 口罩 國家隊 15
最後窮 美豬 15 柯文 侯友宜
自治 美豬 難同 社會 地方
窮人 富人 美豬 小吃 15
窮人 美豬 柯文 引熱議 侯友宜
15 2020 vm219 談美國 宜聯訪
開放美豬 15 江啟 周四 處長
開放美豬 避摸頭江 周四 15 餐會
藍委時間 美豬 邀約餐 15 開放
不樂見 國民黨 傳江 不符 邀約
國民黨 江啟 立委 15 駁斥
蔣太多 韓國瑜 搶北市 網曝關鍵 蔣萬安
台北市 三支 15 知道 不能
20200907 選北市 15 不知 能否
韓國瑜 台北市 15 蔣萬安 選邊
新聞網 主動表態 tvbs 首都 藍營
座大 中鋼 要求 緊緊 煤礦
智慧 中鋼 轉型 要求 監測
人造 大港 國旅夯 訪林佳龍 40
小英 全力 15 高雄 推動
美豬 智強 15 邁臉 超越
悄上網 正式 晚間 豬肉萊劑 15
美豬萊劑 放上網 正式 晚間 食藥署
15 大溪 更新 10 vm219
畫面 落海 瘋狗浪 曝光 翻攝
大溪 事發前 瘋狗浪 漁港釀 15
20200907 15 vm219 今年 落海
浪吞人 波瘋狗浪 人車 15 釣客
國民黨 林俊憲批 故宮 不如 中國
15 故宮 你們換 歸藍營 柏惟
萬人 東西屬 2300 故宮 蘇貞昌
國民黨 林俊憲狠 15 一片 中國
國民黨 國寶 立委 臉書 15
新聞網 挖出 加利 口罩 網急
負責人 我人 道歉 但產品 加利
口罩 上游 15 加利 黑心
口罩 加利 15 曝光 vm219
健保卡 口罩 中心 加利 15
這大 館長 還願意 一堆 第一
第一通 館長 中槍 15 電話
開刀後首 自陳其邁 館長 中彈 15
鄭文燦 館長 祝福 早日 24
隔空 機前 15 表白 電視
合體 信號 15 黨揆 韓要
評委點將 全面 朱立倫 正副 韓國瑜
國民黨 韓國瑜 朱立倫 正副 2024
全代會 市長 出席 合體 韓國瑜
新聞網 全代會 出席 北上 韓國瑜
美豬 中央 15 不同 跨縣
美豬 口罩 加利 遭批 反駁
美豬 大戰 爭議 強化 嚴格
美豬 推行 15 透透 全台
一大步 新冠 國安產業 慢國際 一定
15 蠢行 vm219 蠢話 快評
人民 15 林進 嘉觀點 vm219
顯聖宮 湖口 竹縣 15 英文
美豬 進口 豬心 陳昌輝 換絕情
祝大會 美豬 出席 英文 15
鋒面 周四 五雨彈 15 首道
鋒面 週四報 變天 15 首道
鋒面 15 周四 氣象局 熱區
今撲朝 各地 海神 鮮半島 15
週四鋒面 恐變天 天氣 空品 週二
門市 考慮關 旅行社 閉潮 網收
東森新聞 體門市 15 旅行社 重災產業
體門市 關門潮 社實 一周 網關
旅行社 家門市 剩國 求生 雄獅
實體門 租金 15 市省 網關
文化局 15 金曲 驚傳 規劃
定大鵬灣 演出 打狗亂 嚴所屬 林佳龍
心肌梗塞 民視 15 倒下 金曲
口罩 主唱 百萬片 打狗亂 加利
屏東 15 公祭 14 設靈心
金錢豹 仔主 出獄 虐死案 15
心中 小姐 長紅 男人 出眾
金錢豹 老司機 人間 神秘 天上
天上 15 人間 沒電梯 變少
豹門口 金錢 15 手腳 vm219
口罩 中衛 限定 頭香 開店
xperia vm295 sony 15 疑洩產品
vm295 xperia sony 流出 官方
vm295 xperia 120hz 美元 加持
vm295 xperia 大亮點 sony 15
vm295 xperia 流出 sony 官方
將下市 vm295 門檻 公開 15
新高 同期 vm295 歷年 今年
vm295 15 股無力 高價 電子
vm295 富錦明 15 可能性 寶齡
新高 vm295 還清房 15 平均
薪水 客人 vm295 店員恐 中獎
15 vm295 外資升目 gis ky
金管會 15 vm295 國銀 海外
不大 新高 vm295 匯出 天牧
vm295 20200907 匯出 美元 天牧
二大會計 天牧斥 vm295 保險 15
金管會 不知其所以然 保險 vm295 主委
擴大 德智庫 vm295 政策 15
將四處 德智庫 vm295 15 政策
停止 vm295 本月底 微博 15
獨大 停止 新浪 vm295 微博
vm295 15 微博 燈號 吹熄
vm295 15 宣布 微博 不玩
微博不敵 微信 新浪 vm295 微博
vm295 15 華邦電 營收 旺宏
全新 官方 公布 vm295 福斯
vm295 國產車 福斯 15 76
15 vm295 美股 股本 變盤
大舉 vm295 15 57 需要
三十二 十四 vm295 15 現近
唐吉訶德 三立 出超 正式 日系
唐吉訶德 西門 vm295 15 贏定
台人 唐吉軻 小母湯 vm295 15
唐吉軻德 15 vm295 西門 開幕
唐吉軻德 將在 分析 vm295 哈日族
vm295 15 這間 家好市 逛起
vm295 25 15 上市 5g
15 150 vm295 5g 德國售價
google vm295 電信商 15 5g
google 15 vm295 新機 電信商
15 vm295 5g 上市 同日
14nm rocket 15 vm295 明年初
vm295 15 5g tiger galaxy
vm295 推出 英特 15 微星
10nm vm295 pentium 15 atom
15 vm295 同一 40 tiger
轉售後將 威士忌 vm295 15 原因
威士忌 每年 房子 vm295 老爸
年後足夠 威士忌 每年 英父 一枝
回一棟 威士忌 一次 vm295 禮物
英男賣 威士忌 vm295 人生 第一
新高 vm295 立隆 15 單月次
風險 vm295 15 股長 台北
手機市 vm295 估華為 15 研究
vm295 15 今年 2021 11
40 30 重新 vm295 15
vm295 15 裝置 穿戴 占居
將迎 智慧 總出 前三名 vm295
第三代 15 vm295 半導體 搶食
三星 15 新機 vm295 10
翻天覆地 人民 幣長 會出 vm295
新台幣 分析 主因 外資狂 vm295
人民 vm295 國際 官方 彭博
新壽 五大 新光 15 vm295
vm295 永久 第一 機車 15
vm295 上市 15 充電動 能海
vm295 最高 四萬有 15 值電動
vm295 上市 能海 15 50
一人 vm295 充電動 一台 新車
洛克人 為主題 推出 vm295 控制器
洛克人 vm295 日本 開眾 自組
火遠離 賞大稻 人潮 私房 景點
新景 添一處 黎和生態 佔地 還可遠眺
台北市 金香 櫻花 花景 迎春
同心 山林 白石 15 風光
新開放 大免費 15 北投 vm333
新北人 台北人 出發 看山 知道
大秘 陽明山 境景點 台北 花季
北市 上線 15 vm333 影像
虎山 登山 螢火蟲 japanwalker 超高
同仁 社會 15 北市 宣布
人潮 15 北市 五一 供查詢
熱門賞 台北 志工起 15 螢景點
超萌小水 島濕地 佔地 社子 japanwalker
大佳河 新景 親子遊 世界 濱共融式
人才 當地 知道 小地 台北
vm333 台北 武漢 自我 觀察
琉磺谷 情人 三層 龍鳳谷 聖地
出遊 15 鼠年 財北 中南
台北市 15 走春去 著名 12
人遊台 15 日本 原因 曝關鍵
新高 美元 歷年 15 出口
進口 下降 出口 中國 15
新高 連二紅 出口 15 單月
對美順 擴大 中國 15 差繼續
大陸 15 出口 vm333 爆發
任正非 勝利之路 將至 大限 華為
任正非 華為 產生 難會 vm333
任正非 信仰 指華為 打勝仗 成為
任正非 勝利之路 大限 激勵員工 退路
15 大量 保供 vm333 華為
大公 各國狂 vm333 15 經濟通
xc40 15 vm333 時尚 合作
5000 15 vm333 元禮卷 享獨家
15 小七強 衝上 900 點抽百萬
便利商店 15 合作 vm333 竟能
15 vm333 北歐 得到 品牌
兩年 我們 現在 燦坤 操死
大變數 走空 15 答案 快逃
今年 運動會 台積電 確定 衝擊
今年 運動會 15 電回 產業
新高 20200907 10 15 vm333
公司公告 為主 運動會擬 台積電 vm333
40 中芯國際 美國 股後股價 15
傳中 15 三家 黑名 vm333
專家估 國內 供應鏈 vm333 轉至
