股票 隨後股價 董事 連跌 特斯拉
投資 科技股 健康 建議 星展
那斯達克崩 外媒 修正 解析 一波
投資人 專家 大跌 10 恐變心
800 科技股 vix 暴跌 引爆
200 壓力 電跌 恐飆 重挫
市場 分析 vix 慘跌 將崩盤
200 vix 暴跌 飆漲 富邦
地震 危機 賭盤 11 大選
800 暴跌 飆漲 科技股 恐慌
大跌 短線勢 盤前 拖累 重挫
顏色 鏈不分 童子 任何 力勝
紅色供 顏色 產業 趨勢 童子
紅色供 產業 顏色 選擇 趨勢
韓國簽 台灣 優勢 童子 漸強
談紅色 顏色 產業 選擇 趨勢
晶片 市場 奈米 三星 大廠
金融 全世界 企業 理由 公司
移民 南科 快速 工程 回流
物理 台積電 通過 ansys 方案
兩年 南下 南科將 台灣 投資
月營 新猷 新高 信邦 收連
五月 信邦連 締新猷
月營 收靚 美化 宏捷科 助攻
億元 最佳 營收 增至 31
28 月營 聚陽 收勁揚
一週 崩跌 貴金屬 金挫 市場
市場 債明 研究 報告 新興
市場 基金 目標 選項 優質
市場 債明 升後市 新興 顯彈
億元 豪展 營收 新高 16
新興債 買點 中長
台積電 外資 瘋狂 11 掃貨
超百億元 外資買 最愛從 電轉 這檔
億元 賣超 挫逾百點 三大 237
分析 市多空 強勢 股虎頭 態度
三大法人賣超台股237 54億元
投資術 零股 出價 經常槓 這樣
分鐘 投資術 零股 新制 交易
經常槓 零股 出價 這樣
投資術 點半 零股 福音 交易
投資 萬買進 零股 小資族 招讓
口罩 左道 國家隊 旁門 遲交
口罩 加利 家裡 網怨 曝光
律師 加利 以國家隊 為恥 自掘
欺騙簽 威脅 加利 遭官員 合約
百分比 比醫 99 藥師 95
簽約 政府 加利 合約 秀白紙
簽名 簽白紙 加利 清楚 經部秀合
口罩 王美花 老鼠屎 加利 實名制
之馬 口罩 王美花斥 加利 害群
為恥 經濟部 以國家隊 加利 數據
口罩 國家隊 全國 加利 混賣
出國家隊 國家隊 口罩 八里 趕快
口罩 廠商 大陸制 實名制 侯友宜
新北 工廠 口罩 最新 痛心
中國 口罩 黑心 混賣 國家隊
口罩 海關查 加利 進口 入境
口罩 快新聞 怒批 民視 加利
五四三 以國家隊 違法 加利 口罩
中國 口罩 20200904 加利 貨陳時
犯法 五四三 舉動毀 加利 努力
政治 王金平 海峽 論壇 將率團
辦海峽 陸委會 論壇 活動 禁在
王金平 政治 海峽 吳敦義 沒資格
辦海峽 提三項 大陸 禁止 陸委會
北京 辦海峽 陸委會 不鼓勵 參與
口罩 加利 商不願 國家隊 不以
出國家隊 加利 不以 其邁 為然
口罩 國家隊 傳高雄 用量 上繳
醫院 高雄市 口罩 公共 運輸
口罩 記者 之魚 高雄 漏網
不義之財 道德 謊言 王定宇 口罩
加利 王定宇 更累 高喊 額外
律師 出國家隊 加利 叫囂 斷言
媒體 中國 口罩 加利 王定宇
道德 謊言 盡壞 口仁義 王定
恥國家隊 2020 以國家隊 加利 口罩
紙箱 科技 工廠 加利 鐵門
口罩 防疫 確保 不容 黑心
護照 台灣 非官方 新版 政治
護照 新版 滿意 六成 民眾
護照展 顯台灣 新版 設計應 高鈺婷
國民黨 換黨徽 用行動 邱顯 智籲
護照 台灣 新版 主權 高鈺婷
口罩 加利 回應 品質勝 中心
口罩 20200904 搶換貨 制民眾 混實名
台灣 口罩 信用 換貨民眾 實名制
口罩 加利 家裡 網怨 曝光
20200904 隱瞞 三月 公布 質疑
中國 投資 捷克 政治 國承諾
台北 台灣 市民 布拉格 市長
捷克 柯文 記者 市長 哲與
台北 台灣 市民 政治 參議長
中國 布拉格 政治 國際 巡演
記者 下午 境外 新增 中心
肺炎 醫症 改善 工作 返國
口罩 下午 台灣 新增 例確診
40 11 疫報 多歲 工作
40 11 多歲 工作 確診
菅義偉 媒民調 最高 安倍 呼聲
終結 情感 安倍 台日 下台
菅義偉將 改選 安倍 上位 日相
菅義偉 自民黨 黨魁 參選 十點
安倍 論壇 蔡增家 接班人 主導
辦海峽 陸委會 論壇 活動 禁在
王金平 政治 海峽 吳敦義 沒資格
王金平 國民黨 海峽 論壇 參加
北京 辦海峽 陸委會 不鼓勵 參與
國民黨 政治 海峽 王金平 論壇
消費者 負責 歐銻銻放棄 代理 愛奇藝
台灣禁 用戶問 陸劇 洗腦 愛奇藝
台灣 停止 代理商 代理 去問
草案 吵什麼 問答 大關鍵 ott
宣布 代理 停止 並裁員 封殺
3060 短小精悍 rtx 單風扇 公分
乘客 推車 車狂 低頭族 月台
微軟 壽命 更新 10 windows
遊戲 windows 時間 10 縮短
台鐵新購 十月底 emu900 電聯車 入港
需中國 中黨 閉嘴 甩親 互槓
藍數位 20200903 黨部 線民眾 近距
國民黨 政治 兩岸 立場 常委
需中國 閉嘴 江啟 論述 聞台
國民黨 嘴巴 中央 評論網 戲碼
總統 胖一點 今天 憲兵 挑戰
總統府 憲兵 美女 暴動 鄉民
當憲兵 總統 邰智源
制服 照片 憲兵 美女 萬人朝
胖一點 總統府 政治 憲兵 今日
地圖 google deepmind 交通流量 合作
預測車 google 路線 決定 流量
地圖 google 預訂 訂餐 一鍵
地圖 買門票 google 一鍵 訂位
2019 地圖 google 抗爭 裡尋找
政府 加利 簽約 合約 經濟
口罩 加利 家裡 網怨 曝光
每月 半價原 加利 物料 萬片
出國家隊 國家隊 口罩 八里 趕快
空軍駁 傳台灣 落共軍蘇愷 戰機 墜毀
台灣擊 35 墜機 軍蘇愷 解放
傳台灣擊 飛機 中共 35 假訊息
35 台灣擊 司令部 落共機 網傳
台灣擊 35 假訊息 防部 駁斥
口罩 海關 加利 萬片 口中
口罩 加利 家裡 網怨 曝光
藥師 新北女 加利 吹哨 身分
台灣 口罩 信用 換貨民眾 實名制
藥師 熱血女 賊星 吹哨 該敗
政治 他變 憲兵 社會 一日
總統 胖一點 今天 憲兵 挑戰
總統府 憲兵 美女 暴動 鄉民
制服 照片 憲兵 美女 萬人朝
當憲兵 總統 邰智源
記者 下午 境外 新增 中心
肺炎 醫症 改善 工作 返國
40 日本 返國 快新聞 境外
40 11 多歲 工作 確診
肺炎 下午 新增 境外 社會
台灣 中國 總統 領導人 日媒
華春瑩 總統 台灣 日媒 崩潰
領導人 華春瑩 總統 中國 台灣
非總統 華春瑩 領導人 政治 狂犬病
轟美國 華春瑩 雙重 禁抖音 標準
口罩 加利 商不願 國家隊 不以
高雄市 0904 高雄 破案 少女
口罩 懲處 違規將 高市 高雄業者
記者 口罩 澄清 市府 配送
醫院 高雄市 口罩 公共 運輸
卡為何 3080 記憶體 rtx 漲價
微星 股價 不加價 加量 輝達
30 rtx 面技術 新畫 最強
nvidia 真香 懶人 發表 整給
微星 180 價上 目標 外資
滑鼠 鍵盤 30 新款 rtx
30 rtx 奈米 三星 系列
乘客 推車 車狂 低頭族 空腳
地圖 google 替代品 怎麼 華為
死刑犯 正義 生命 被害者 重要
死刑犯 兒子 生命 一次 只有
生命 死亡 等待 煎熬 過程
人權 兒子 死刑犯 紀錄片 漫長
美豬 瘦肉精 口罩 國民黨 政治
關責任 五四三 政府 重磅 應盡
美豬 口罩 瘦肉精 政府 國民黨
四不一 放美豬 政府 洪秀柱 美牛
國民黨還 嘉宏 英文 分題 上報
軍人節 爆彈 戰場 驚見 九三
爆彈 金門 驚見 封鎖線 岸際
爆彈 金門岸 發現 岸際 古寧頭
爆彈 驚見 古寧頭 岸際
合作 未來 捷克 兩國 交流
捷克 友人 正義有 勇氣 政治
騙台灣 口罩 黑心 忘義 怒批
捷克 賴清德 參議長 晚宴 出席
民主 捷克 答謝 國際 賴清德
爆炸 呼吸 貝魯 19 生命
黎巴嫩 爆炸 生命 跡象 直播
爆炸 貝魯特 兒童 生命 廢墟
爆炸 貝魯 傳廢墟 生命 跡象
黎巴嫩 滿月 爆炸 生命 偵測
中國 投資 捷克 政治 國承諾
政治 應鏈 發表聯合 脅迫 重組供
台美經濟 科技 政治 醫療 商業
錢志健 鄭團隊 人生 核級 別攬
政治 脅迫 應鏈 聯合 不受
800 股市 分析 暴跌 明斯基
807 科技股 大跌 淒慘 道瓊
200 四大 暴跌 早盤 重挫
二代 之鬥 反習 蔡霞們 困獸
擊美國 絕不答 平反 習近
陸美將 持久 答應
戰爭 王岐山 75 勝利 news
19 民族情 權威 內外 鞏固
遭化學 殺案 梅克爾證實 武器 普丁政敵
蘇聯神 普欽政敵 經毒 投毒 諾維喬克
普廷政敵 毒劑 俄諜案 下毒 神經
殺案 俄國 20200903 諾維喬克 否認
俄國 領袖 指控 克里姆林 中毒
肺炎 醫症 改善 工作 返國
40 11 多歲 工作 確診
40 11 疫報 多歲 工作
台灣 明中國 口罩 下午 新增
40 日本 返國 快新聞 境外
橋塌 河水 襲韓 大喊 驚險
韓電視 南韓 李正皓 20200903 劉寶傑
韓連 氣象 路徑 專家 南北
南韓 2000 梅莎橫 鮮半島 掃朝
北韓 記者 災情 報導 水裡
選民重 投票 北卡 違法 鼓勵
選民重 投票 違法 呼籲 川普造勢
投票 選民重 違法 測試 疑通訊
推特貼 投票 兩次 警告 川普
美總統 選舉川 兩次票 20200904 違法
媽媽 如何是好 世上 只有 這樣
安全 政治 脅迫 論壇 確保
政治 應鏈 發表聯合 脅迫 重組供
台美經濟 科技 政治 醫療 商業
瀑布 崎公園 池步 japanwalker 公園
浪漫 自然 山林 隱身 獨享
台北市 迎春 櫻花 花景 旅遊
台北人 雙北 新北人 看山 看海
台北 藏私 陽明山 10 大秘
新開放 週末 大免費 溫泉 腳池
北市 27 景點 影像 上線
台北 森林 黎和生態 公園 還可遠眺
浪漫 自然 山林 隱身 獨享
台北市 迎春 櫻花 花景 旅遊
台北 藏私 陽明山 10 大秘
新開放 週末 大免費 溫泉 腳池
北市 27 景點 影像 上線
股票 隨後股價 董事 連跌 特斯拉
中國 近一半 政府 公司 淨利
保時捷 電動車 taycan 幫忙 借員工
保時捷 跑車 賣到 電動 百名
400 電動車 熱賣 工人 taycan
800 股市 分析 暴跌 明斯基
807 科技股 大跌 淒慘 道瓊
200 四大 暴跌 早盤 重挫
李玖哲 淚別 機場 相馬茜
李玖 老婆 哲簽 離日切 拋相馬茜
董親 奶爸 授育兒 柯有 新手
李玖 短期 老婆 簽切 分隔
詹皇 字母 爆氣 皮朋 nba
字母 格林 撤出 建議 禁區
肯尼 集熱火 輪熱火 旺火 kenny
熱火為 戰果 意料之外 公鹿 淺談
字母 皮朋 反擊 第二 天下
血糖 固醇 食物 還能控 降膽
醫生 細節 科技 維生素 沒告訴
轉換醫 卡介苗 效果 廠牌 一樣
青少年 中年 臟病 別憂鬱 研究
頸癌 病率 病毒 子宮 hpv
性病 macy hpv 搜尋量 網民關
美豬 吵什麼 到底 進口現 其實
巧克力 血糖 為何 醫師 救急
肝功能 喝酒 醫生 臉紅 幾杯還
口乾舌燥 味精 加太多 錯怪 好像
愛滋 三讀 其他 病患 立院
中國 國民黨 政治 林俊憲批 故宮
歸藍營 收入 vm219 你們換 柏惟
千億黨產 爆國民黨 政府 凍怒 回故
國民黨 黨產變 政治 查黨 私產
藍黨 國民黨 政府 15 回故
vm219 恐慌 15 美連假 疫情
大染疫國 肺炎 印度 全球 新增
更新 台灣 全球 272 萬人
印度 第二 全球 封鎖變 再次
21 香港 15 vm219 新增
20200906 藥師 湧藥局 口罩 vm219
為恥 以國家隊 社會 我們 15
健保卡 口罩 快新聞 日前 15
口罩 科技 台灣 為恥 15
20200907 每盒 30 口罩 藥局
爛紙 北辰 國民黨 興內鬥 15
遭國民黨 興黨部 北辰 15 批評
國民黨 北辰 15 直播 vm219
北辰 中央 政治 15 黨部
遭國民黨 黨部 北辰 15 vm219
豬更 美豬 窮人會 加拿大 柯文
王定宇 窮人 美豬 15 引論戰
買美豬 膝蓋式 王定宇 15 柯文
加豬 不信 便宜 15 vm219
美豬 15 賭什麼 10 瘦肉精
海軍解釋 突擊艇 預算大 為何 vm219
艦隊 艦造 vm219 15 巡防
突擊艇 測試 15 vm219 飛彈
20200907 突擊艇 vm219 飛彈 新聞岸
突擊艇 驚爆 15 飛彈 真相
3080 便宜 價格 效能 big
蘋果 安全 15 認證 vm219
maps google 交通 揭密 15
火車 vm219 15 白牌車 風聲鶴唳
勝利國民黨 國民黨 政治 15 九二
15 九二 國民黨 輕人 議員
15 國民黨 vm219 臉充 全代會
政黨 可悲 15 vm219 嘉宏
打仗 15 打擊共諜 政治 輕人
美豬 最後窮 柯文 哲說 15
母法 爭議 15 美豬 社會
豬肉 2020 談美國 vm219 直播
美豬 窮人 台灣 富人 15
美豬 窮人 侯友宜 柯文 15
開放美豬 周四 餐會 15 時機
邀約 誤會 婉拒 國民黨 15
美豬 邀約餐 藍委時間 開放 vm219
15 邀約 國民黨 時機 駁斥
開放美豬 周四 邀宴 vm219 15
韓贏 韓國瑜 蔣太多 搶北市 為何
台北市 三支 15 vm219 不能
選北市 20200907 支箭 15 vm219
韓國瑜 台北市 會贏 初選 蔣萬安
台北市 一步步 政治 摔倒 vm219
勝利國民黨 國民黨 政治 15 九二
15 九二 國民黨 輕人 議員
15 國民黨 vm219 臉充 全代會
政黨 可悲 15 vm219 嘉宏
打仗 15 打擊共諜 政治 輕人
20200906 藥師 湧藥局 口罩 vm219
為恥 以國家隊 社會 我們 15
口罩 科技 台灣 為恥 15
20200907 每盒 30 口罩 藥局
口罩 國家隊 vm219 83 中心
美豬 最後窮 柯文 哲說 15
母法 爭議 15 美豬 社會
美豬 窮人 台灣 富人 15
美豬 窮人 侯友宜 柯文 15
豬肉 2020 談美國 vm219 直播
開放美豬 周四 邀宴 vm219 15
開放美豬 周四 餐會 15 時機
美豬 邀約餐 藍委時間 開放 vm219
邀約 誤會 婉拒 國民黨 15
15 邀約 國民黨 時機 駁斥
韓贏 韓國瑜 蔣太多 搶北市 為何
台北市 三支 15 vm219 不能
選北市 20200907 支箭 15 vm219
韓國瑜 台北市 會贏 初選 蔣萬安
藍營 戰開 新聞網 vm219 15
煤礦 中鋼 建築 15 vm219
改善 中鋼 產業 監測 15
七月 大港 訪林佳龍 總統 高雄
建設 vm219 15 高雄 全力
美豬 15 vm219 爭議 邁臉
豬肉萊劑 晚間 食藥署 vm219 15
食藥署 美豬萊劑 晚間 15 標準
漁港 釣客 落海 命危 遭浪襲
救援 瘋狗浪 落海 vm219 15
漁港釀 釣客 瘋狗浪 大溪 vm219
釣客 瘋狗浪 落海 20200907 意外
波瘋狗浪 釣客 瘋狗 浪吞人 15
中國 國民黨 政治 林俊憲批 15
歸藍營 收入 vm219 你們換 柏惟
2300 藍營 奇怪 蘇貞昌 萬人
中國 國民黨 林俊憲狠 15 vm219
黨產會 國民黨 臉書 vm219 還錢
250 口罩 15 男家 vm219
但產品 道歉 加利 再度 vm219
口罩 爭議 15 vm219 加利
口罩 暗黑 真相 網驚 15
口罩 健保卡 vm219 中心 15
第一 vm219 館長 15 來電
政治 電話 羞愧 vm219 中槍
通電話 羞愧 自陳其邁 館長 開刀後首
24 祝福 15 vm219 運動
電視 vm219 15 好像 隔空
韓要 黨揆 明年 團隊 15
韓國瑜 2024 總統 朱立倫 再輸
韓國瑜 總統 朱立倫 2024 國民黨
韓國瑜 市長 三位 vm219 全代會
韓國瑜 15 vm219 避開 新聞網
美豬 很怪 縣市 中央 跨縣
美豬 口罩 vm219 15 不鬥
大戰 美豬 15 生活 vm219
美豬 15 vm219 全台 標示
疫苗 國安產業 慢國際 vm219 15
蠢話 蠢行 vm219 快評 15
兩個 vm219 人民 15 官字
感恩 湖口 vm219 15 顯聖宮
美豬 豬心 陳昌輝 換絕情 15
抗議 美豬 祝大會 節慶 律師
五雨彈 周四 入秋 15 vm219
週四報 入秋 變天 vm219 15
降雨 入秋 氣象局 vm219 熱區
降雨 雷雨 鮮半島 機會 15
週二 週四鋒面 恐變天 天氣 vm219
30 15 雄獅關 旅行社 門市
重災產業 vm219 ch51 旅行社 15
雄獅 一周 年底 關門潮 旅遊
37 48 雄獅 旅行社 解散
百萬 市省 租金 vm219 15
文化局 歌王 猝逝 金曲 舞台
15 定大鵬灣 打狗亂 vm219 猝逝
心肌梗塞 金曲 15 歌團 打狗亂
口罩 打狗亂 百萬片 主唱 猝逝
公祭 猝死 14 15 vm219
虐死案 出獄 凶嫌 金錢豹 15
男人 人間 vm219 金錢豹 15
老司機 20 神秘 15 vm219
沒電梯 15 vm219 人間 天上
打死 惡煞 15 vm219 豹門口
口罩 15 vm219 開店 中衛
疑洩產品 曝光 影片 宣傳 15
官方 完整 影片 功能 產品
帶魚 漲價 價格全 200 120hz
售價 期待 曝光 15 sony
手機 官方 產品 完整 影片
15 公開 收購 將下市 vm295
億元 今年 4205 營收 vm295
電子 12601 高價 vm295 股盤
市場 兩種 15 vm295 可能性
平均 利率 vm295 22 新高
彩券 含淚 中獎 誤把 15
外資升目 標價 vm295 15 gis
vm295 15 海外 國銀 金管會
股影響 vm295 15 外資前 不大
20200907 股影響 外資 美元 vm295
二大會計 保險 15 vm295 知其然
保險 15 不知其所以然 沒業界 vm295
經濟 政策 開放 中國 碰壁
經濟 中國 政策 碰壁 vm295
本月底 微博 停止 服務 vm295
微博 28 vm295 新浪 停止
微博 燈號 vm295 吹熄 月底
微博 關閉 宣布 vm295 28
微博不敵 微博 微信 28 vm295
旺宏 vm295 11 華邦電 15
官方 版本 公布 全新 車尾換
價格 國產車 vm295 福斯 polo
vm295 15 周恐 變盤 季線
資產 股票 自由 財經 57
三十二 vm295 董事 減持 現近
銀行 日本 職缺 開店 日系
贏定 15 唐吉訶德 vm295 西門
台灣會 日本 小母湯 15 危機
開幕 唐吉軻德 插旗 vm295 15
分析 台展 15 唐吉軻德 優勢
13 台灣 15 家好市 vm295
手機 谷歌 5g 25 15
德國售價 pixel 歐元 價差 5g
手機 pixel 電信商 科技 google
pixel google 25 電信商 15
pixel 售價 5g 15 vm295
一代 lake rocket 14nm 桌上型
tiger lake flex book 15
筆電 微星 15 英特 core
2021 下一代 lake atom tremont
tiger 為何 lake 40 15
威士忌 轉售後將 專家 15 買房
28 威士忌 每年 老爸 15
年後足夠 28 威士忌 英父 每年
威士忌 28 生日 禮物 全賣
威士忌 28 英男賣 15 vm295
今年 單月次 近年 估衝 vm295
科技股 風險 股市 vm295 台北
手機市 研究 明年 暴跌 佔率
2021 手機 全球 銷量 今年
30 40 手機 15 vm295
vm295 15 穿戴 華為 裝置
手機 預測 前三名 全球 品牌
第三代 vm295 半導體 台鏈 15
galaxy s20 三星 新機 月間
30 現什麼 變化 外資 加速
匯率 新台幣 分析 升值 單純
消費 官方 幣升勢 15 會員
策略 五大 15 新壽 vm295
電池 電動 月租 銷售 全球
電能 充電動 50 15 機車
四萬有 電能 值電動 機車 能海
電動 電能 50 科技 15
新車 機車 便宜 充電動 vm295
程式 控制器 開發 體驗 15
日本 可學 教材 15 程式
火遠離 旅遊 市府 景點 賞大稻
森林 黎和生態 公園 還可遠眺 台北
迎春 櫻花 花景 台北市 旅遊
自然 浪漫 15 vm333 山林
新開放 週末 大免費 溫泉 谷泡
台北人 雙北 看山 新北人 看海
藏私 台北 15 陽明山 大秘
27 vm333 15 北市 影像
台北 森林 夜晚 虎山 登山
320 防疫 北市 vm333 15
北市 15 11 影像 五一
台北 vm333 透晚 15 熱門賞
台北 島濕地 japanwalker 免費 vm333
海洋 親子遊 旅遊 台北 大佳河
33 台北 15 vm333 當地
51 台北 乘客 警示 當局
瀑布 池步 崎公園 japanwalker 琉磺谷
北部 財北 中南 vm333 15
走春去 春節 台北市 旅遊 15
日本 vm333 15 曝關鍵 人遊台
年增 vm333 單月 出口 311
中國 成長 進口 出口 vm333
連二紅 單月 vm333 15 出口
中國 貿易 vm333 擴大 15
年增 vm333 出口 15 11
勝利之路 vm333 15 退路 晶片
英雄 15 vm333 華為 產生
信仰 15 困難 時期 打勝仗
勝利之路 15 危機 vm333 激勵員工
vm333 15 應鏈 大量 華為
經濟通 vm333 印鈔 15 泡沫
xc40 合作 vm333 15 超商
5000 vm333 15 交車 享獨家
點抽百萬 攻數位 會員數 900 小七強
瑞典 便利商店 坦克 15 vm333
北歐 vm333 品牌 15 真的
兩年 操死 現在 vm333 我們
15 vm333 答案 走空 快逃
今年 vm333 15 取消 運動會
今年 產業 vm333 取消 電回
20200907 季增 單季 q3 年度
運動會擬 vm333 取消 公司公告 15
股後股價 技術 美國 中芯國際 40
vm333 三家 15 黑名 台廠
專家估 vm333 15 晶片 供應鏈
