隨後股價 特斯拉 出脫 董事 股票
星展 科技股 投資 美股 維持
那斯達克崩 外媒 會員 解析 一波
恐變心 投資人 美股 10 大跌
科技股 美股 股災 vix 暴跌
台股 台積 壓力 06 電跌
vix 美股 將崩盤 指數 慘跌
台股 美股 暴跌 拖累 重挫
賭盤 地震 美股 危機 恐大
科技股 暴跌 道瓊 恐慌 指數
台股 美股 短線勢 拖累 重挫
供應 童子 顏色 鏈不分 企實
紅色供 顏色 應鏈 崛起 趨勢
紅色供 顏色 應鏈 選擇 崛起
台灣 韓國簽 優勢 經貿 漸強
談紅色 顏色 應鏈 選擇 趨勢
玄機 積電有 採用 晶片 繪圖
股價 金融 不貴 台積 研究
南科 漂族 工程 移民 快速
ansys 方案 通過 台積電 物理
techorange 台積電 國際大廠 南下 投資
收連 月營 收同 信邦 新猷
信邦連 締新猷 五月
宏捷科 收靚 美化 助攻 月營
增至 最佳 聚陽 億元 營收
收勁揚 月營 聚陽 28
貴金屬 變現 美股 崩跌 金挫
報告 研究 顯彈 可期 新興
目標 基金 變動 優質 到期
新興 顯彈 升後市 可期 債明
豪展 億元 16 營收 新高
新興債 中長 買點
11 外資 掃貨 台積電 竟然
外資買 超百億元 電轉 這檔 最愛從
挫逾百點 外資大 台股 賣超 失守
股虎頭 蛇尾 市多空 外資 左右
三大法人賣超台股237 54億元
零股 投資術 這樣 經常槓 出價
投資術 圖解 零股 搞懂 盤中
零股 經常槓 這樣 出價
投資術 零股 小資族 福音 點半
小資族 投資 萬買進 招讓 零股
口罩 國家隊 自清 旁門 遲交
網怨 心酸 家裡 口罩 曝光
以國家隊 加利 為恥 自掘 律師
加利 遭官員 欺騙簽 威脅 藥證
百分比 指工業 加利 99 藥師
加利 秀白紙 打臉 黑字 政府
經部秀合 加利 簽白紙 內容 胡說
加利 老鼠屎 口罩 實名制 重批
加利 口罩 王美花斥 混用 害群
以國家隊 經濟部 回擊 為恥 數據
加利 國家隊 口罩 混賣 宜悍
出國家隊 國家隊 趕快 業者 口罩
實名制 大陸制 侯友宜 出現 廠商
新北 侯友宜 最新 痛心 非常
痛心 貨侯友 黑心 混賣 深入
進口 社會 已有 加利 口罩
快新聞 混中 負責人 口罩 民視
以國家隊 別講 加利 自家 為恥
加利 20200904 中國 口罩 中重
犯法 舉動毀 一個 訓斥 五四三
王金平 將率團 論壇 政治 海峽
陸委會 論壇 禁在 辦海峽 明令
王金平 沒資格 英文 政治 論壇
陸委會 論壇 辦海峽 大陸 提三項
北京 辦海峽 論壇 陸委會 不鼓勵
加利 國家隊 商不願 口罩 放話
出國家隊 加利 其邁 為然 非常
傳高雄 用量 國家隊 上繳 清楚
醫院 高雄市 公共 工具 運輸
漏網 之魚 記者 全面 追查
不義之財 口仁義 王定宇 黑心 口罩
加利 王定宇 一切 分裝 高喊
出國家隊 加利 自掘 斷言 下場
不義之財 加利 口罩 王定宇 業者
口仁義 宇痛 關鍵 謊言 盡壞
恥國家隊 以國家隊 2020 加利 沒人
加利 科技 退貨 工廠 接受
英文 黑心 查辦 口罩 確保
設計圖 外媒 非官方 護照 意外
新版 護照 非常 凸顯 滿意
護照展 設計應 時力 顯台灣 新版
邱顯 智籲 換黨徽 國民黨 用行動
時代 肯定 高鈺婷 護照 力量
品質勝 加利 口罩 回應 指揮
搶換貨 20200904 一早 口罩 華視
換貨民眾 加利 口罩 台灣 信用
網怨 心酸 家裡 口罩 曝光
20200904 衛福部 中天 隱瞞 三月
批中 國承諾 中國 投資 現賀
布拉格 台灣 只是 驚人 市長
賀瑞普 柯文 直播 哲與 記者
參議長 台灣 政治 而且 市民
愛樂樂團 布拉格 中國 國際 巡演
下午 指揮 點緊 新增 一例
台商 工作 醫症 仍帶 改善
例確診 快訊 指揮 風波 中心
診匡列 武肺 多歲 狀確 無症
確診 多歲 機接 無症 觸者
菅義偉 接班人 安倍 媒民調 呼聲
安倍 下台 台日 終結 情感
菅義偉將 接班人 一次 日相 改選
菅義偉 一樣 自民黨 十點 突襲
論壇 蔡增家 yahoo 派系 接班人
陸委會 論壇 禁在 辦海峽 明令
王金平 沒資格 英文 政治 論壇
王金平 國民黨 論壇 江啟 海峽
北京 辦海峽 論壇 陸委會 不鼓勵
王金平 國民黨 率團 政治 論壇
歐銻銻放棄 愛奇藝 消費者 范立 代理
台灣禁 愛奇藝 用戶問 洗腦 陸劇
愛奇藝 代理商 台灣 去問 代理
ott 草案 一次 大關鍵 問答
封殺 並裁員 歐銻銻 愛奇藝 條款
3060 短小精悍 創始 曝光 公分
低頭族 空腳卡 推車 聞台 全下
10 windows 辦法 更新 微軟
windows 10 提升 將採用 加載
emu900 台鐵新購 電聯車 普悠瑪 先試
需中國 中黨 甩親 互槓 江啟
藍數位 20200903 近距 黨部 華視
啟臣 桌江 政治 國民黨 堅持
江啟 需中國 論述 聞台 立新
自由 評論網 國民黨 開講 地方
邰智源 胖一點 挑戰 總統 憲兵
總統府 美女 英文 現身 暴動
當憲兵 邰智源 總統
美女 曝光 萬人朝 渾圓上 圍撐
邰智源 總統府 英文 胖一點 政治
deepmind 改良 google 預測 交通流量
解密 決定 預測車 怎麼 google
google 預訂 推出 一鍵 訂餐
tvbs 新聞網 一鍵 推新 買門票
google 足跡 地圖 裡尋找 抗爭
加利 部秀 經濟 打臉 黑字
網怨 心酸 家裡 口罩 曝光
半價原 萬片 加利 網轟 社會
出國家隊 國家隊 趕快 業者 口罩
傳台灣 落共軍蘇愷 空軍駁 飛彈擊 墜毀
網傳 台灣擊 防部 軍蘇愷 35
傳台灣擊 假訊息 駁斥 鄭重 中共
快訊 台灣擊 烏有 落共機 35
35 假訊息 網傳 烏有 台灣擊
萬片 加利 口罩 截近 口中
網怨 心酸 家裡 口罩 曝光
曝光 身分 藥師 吹哨 新北女
換貨民眾 加利 口罩 台灣 信用
熱血女 該敗 吹哨 賊星 藥師
邰智源 英文 一日 社會 憲兵
邰智源 胖一點 挑戰 總統 憲兵
總統府 美女 英文 現身 暴動
美女 曝光 萬人朝 渾圓上 圍撐
當憲兵 邰智源 總統
下午 指揮 點緊 新增 一例
台商 工作 醫症 仍帶 改善
快新聞 新增 確診 境外 多歲
確診 多歲 機接 無症 觸者
武漢 肺炎 境外 新增 社會
提問 日媒 一個 台灣 領導人
華春瑩 提問 日媒 英文 台灣
華春瑩 日媒 提問 英文 一個
華春瑩 英文 非總統 華媽 政治
禁抖音 轟美國 華春瑩 網酸爆 標準
加利 國家隊 商不願 口罩 放話
0904 高雄市 頒獎 高雄 分局
高雄業者 違規將 懲處 口罩 高市
記者 拿到 配送 非實 口罩
醫院 高雄市 公共 工具 運輸
3080 卡為何 漲價 顯示 記憶體
輝達 不加價 股價 微星 顯卡
懶人包 nvidia 面技術 卡王 系列
nvidia gpu 包統 懶人 真香
外資 價上 180 目標 微星
卡登 系顯示 rog 熒幕 電競
奈米 系列 nvidia 隱憂 三星
推車 低頭族 空腳 卡捷運 全下
google 替代品 怎麼 華為 地圖
被害者 死刑犯 一次 正義 生命
一次 生命 死刑犯 兒子 民視
一次 等待 煎熬 過程 生命
觀賞 艱辛 紀錄片 死刑犯 人權
政治 國民黨 政府 管好 美豬
關責任 應盡 快評 五四三 政府
新聞網 國民黨 政府 管好 華視
洪秀柱 放美豬 政府 沒有 美牛
嘉宏 國民黨還 英文 上報 倒扣
殘體 驚見 九三 古寧頭 軍人節
封鎖線 驚見 古寧頭 急拉 岸際
古寧頭 金門岸 趕往 岸際 發現
古寧頭 岸際 爆彈 驚見
總統府 參議長 賴清德 提供 持續
捷克 正義有 再訪 勇氣 政治
騙台灣 口罩 黑心 賴清德 忘義
賴清德 參議長 處長 晚宴 捷克
賴清德 捷克 團設 齊為 答謝
每分鐘 爆炸 跡象 搜救 一個
跡象 直播 黎巴嫩 廢墟 中現
還者 貝魯特 爆炸 跡象 廢墟
傳廢墟 貝魯 跡象 爆炸 發現
偵測 黎巴嫩 爆炸 跡象 滿月
批中 國承諾 中國 投資 現賀
台美合辦 發表聯合 重組供 應鏈 論壇
台美經濟 酈英傑 科技 應鏈 產品
錢志健 鄭團隊 核級 人生 別攬
台美日 應鏈 歐鞏 聲明 政治
恐讓 道瓊 明斯基 暴跌 分析
科技股 美股 淒慘 大跌 走勢
美股 台股 暴跌 200 指數
蔡霞們 二代 反習 之鬥 困獸
擊美國 習近 絕不答 平反
答應 陸美將 持久
news 週年習 王岐山 中共 抗日
19 大陷 權威 民族情 鞏固
梅克爾證實 諾維喬克 殺案 普丁政敵 下毒
經毒 普欽政敵 諾維喬克 投毒 確認
普廷政敵 俄諜案 下毒 毒劑 神經
諾維喬克 殺案 華視 俄國 否認
克里姆林 指控 俄國 中毒 領袖
台商 工作 醫症 仍帶 改善
確診 多歲 機接 無症 觸者
診匡列 武肺 多歲 狀確 無症
例確診 台灣 新增 風波 明中國
快新聞 新增 確診 境外 多歲
影像 襲韓 驚險 梅莎 曝光
20200903 李正皓 鮮半島 掃朝 梅莎
南北 氣象 韓連 路徑 遭雙
梅莎橫 掃朝 2000 鮮半島 南韓
風梅莎 掃過 報導 記者 北韓
鼓勵 違法 投票 川普籲 選民重
川普造勢 投票 帶頭 違法 選民重
川普質 疑通訊 投票 帶頭 違法
兩次 川普 投票 推特貼 文鼓
20200904 美總統 兩次票 重點 帶頭
世上 媽媽 如何是好 這樣 只有
應鏈 美台 聲明 論壇 歐日重
台美合辦 發表聯合 重組供 應鏈 論壇
台美經濟 酈英傑 科技 應鏈 產品
琉磺谷 婚紗外 北投 崎公園 龍鳳谷
隱身 山林 獨享 風光 白石
櫻花 費賞 花景 點走 處免
看山 新北人 一次 台北人 遊現
境景點 藏私 準備 花季 陽明山
硫磺 溫泉 新開放 谷泡 腳池
影像 景點 27 北市 上線
添一處 黎和生態 還可遠眺 森林 101
隱身 山林 獨享 風光 白石
櫻花 費賞 花景 點走 處免
境景點 藏私 準備 花季 陽明山
硫磺 溫泉 新開放 谷泡 腳池
影像 景點 27 北市 上線
隨後股價 特斯拉 出脫 董事 股票
中國 科大 近一半 政府 淨利
taycan 借員工 電動車 保時捷 奧迪
賣到 奧迪員工 保時捷 跑車 增援
porsche 電動車 趕工 熱賣 借用
恐讓 道瓊 明斯基 暴跌 分析
科技股 美股 淒慘 大跌 走勢
美股 台股 暴跌 200 指數
李玖哲 相馬茜 淚別 機場
拋相馬茜 李玖 哀號 結書 哲簽
董親 授育兒 一招 倫公開 撇步
李玖 相馬茜 結書 簽切 短期
字母 詹皇 nba 爆氣 皮朋
nba 撤出 字母 建議 格林
輪熱火 公鹿 集熱火 東區 第二
淺談 意料之外 熱火為 戰果 公鹿
字母 nba 不爽 第二 反擊
還能控 固醇 食物 降膽 血糖
維生素 夠了 沒告訴 科技 醫生
卡介苗 轉換醫 一樣 效果 免緊
青少年 研究 別憂鬱 以後心 臟病
hpv 檢查 病率 定期 病毒
練美施 網民關 急升 搜尋量 macy
美豬 進口現 其實 吵什麼 到底
頭暈時 為何 建議 巧克力 醫師
面不改色 喝酒 肝功能 臉紅 打臉
口乾舌燥 好像 加太多 味精 錯怪
三讀 立院 病患 將可器 愛滋
林俊憲批 故宮 點把 國民黨 政治
vm219 15 收入 歸藍營 你們換
vm219 千億黨產 爆國民黨 凍怒 聞網
vm219 黨產變 收入 私產 查黨
vm219 15 當年 國民黨 麗旭喊
vm219 美連假 15 效應 恐慌
vm219 15 大染疫國 確診數 新增
vm219 15 移入 確診 境外
vm219 英媒指 15 封鎖變 原因
vm219 15 確診 新增 例透過
vm219 湧藥局 20200906 口罩 加利
vm219 以國家隊 為恥 15 社會
vm219 15 明出 11 健保卡
vm219 15 為恥 稱以 駁斥
vm219 退貨潮 20200907 藥局 15
vm219 15 興內鬥 解職 爛紙
vm219 15 遭國民黨 臧幼俠 批評
vm219 15 除開 高喊 完蛋
vm219 轟軍系 15 政治 開除
vm219 接任 15 遭國民黨 國園
vm219 15 加拿大 政治 便宜
vm219 15 引論戰 美豬 柯文
vm219 15 買美豬 反應 揭真實
vm219 15 加豬 比美 便宜
vm219 15 瘦肉精 10 點論
vm219 海軍解釋 15 突擊艇 預算大
vm219 工先 艦造 艦隊 15
vm219 15 突擊艇 結果 造不造
vm219 新聞岸 突擊艇 20200907 案恐
vm219 突擊艇 15 抖出 驚爆
amd vm219 nvidia 曝光 15
vm219 15 認證 軟體 macos
vm219 maps 15 壅塞 首度
vm219 風聲鶴唳 15 白牌車 火車
vm219 勝利國民黨 15 政治 共識
vm219 15 共識 國民黨 輕人
vm219 15 臉充 江啟 全代會
vm219 上報 嘉宏 15 宿命
連勝文稱 vm219 打擊共諜 15 政治
vm219 15 美豬 侯友宜 柯文
vm219 15 社會 美豬 自治
vm219 談美國 15 現場 豬肉
vm219 15 美豬 台灣 侯友宜
vm219 15 美豬 引熱議 侯友宜
vm219 避摸頭江 啟臣 開放美豬 15
vm219 婉拒 15 啟臣 不樂見
vm219 15 邀約餐 美豬 藍委時間
婉拒 vm219 駁斥 15 江啟
vm219 開放美豬 15 江啟 拍板
vm219 網曝關鍵 15 蔣萬安 蔣太多
vm219 15 知道 挺過 遭點
vm219 不知 15 挺過 華視
vm219 蔣萬安 15 會贏 韓國瑜
vm219 15 政治 一步步 摔倒
vm219 勝利國民黨 15 政治 共識
vm219 15 共識 國民黨 輕人
vm219 15 臉充 江啟 全代會
vm219 上報 嘉宏 15 宿命
連勝文稱 vm219 打擊共諜 15 政治
vm219 湧藥局 20200906 口罩 加利
vm219 以國家隊 為恥 15 社會
vm219 15 為恥 稱以 駁斥
vm219 退貨潮 20200907 藥局 15
vm219 15 確認 萬片 改口
vm219 15 美豬 侯友宜 柯文
vm219 15 社會 美豬 自治
vm219 15 美豬 台灣 侯友宜
vm219 15 美豬 引熱議 侯友宜
vm219 談美國 15 現場 豬肉
vm219 開放美豬 15 江啟 拍板
vm219 避摸頭江 啟臣 開放美豬 15
vm219 15 邀約餐 美豬 藍委時間
vm219 婉拒 15 啟臣 不樂見
婉拒 vm219 駁斥 15 江啟
vm219 網曝關鍵 15 蔣萬安 蔣太多
vm219 15 知道 挺過 遭點
vm219 不知 15 挺過 華視
vm219 蔣萬安 15 會贏 韓國瑜
vm219 新聞網 15 主動表態 tvbs
vm219 15 巨蛋 煤礦 建築
vm219 15 產業 環團 智慧
vm219 訪林佳龍 15 落成 自拍
vm219 15 推動 建設 小英
vm219 15 皮功 美豬 超越
vm219 食藥署 15 悄上網 豬肉萊劑
vm219 食藥署 15 美豬萊劑 放上網
vm219 遭浪襲 落海 15 大溪
畫面 曝光 vm219 15 落海
vm219 15 曝光 大溪 釣客
vm219 15 20200907 10 tvbs
vm219 15 波瘋狗浪 吞掉 整排
vm219 15 林俊憲批 政治 點把
vm219 15 收入 歸藍營 你們換
vm219 蘇貞昌 15 收回 藍營
vm219 15 林俊憲狠 網友 國民黨
vm219 15 黨產會 臉書 還錢
vm219 新聞網 網急 15 勸別
vm219 15 負責人 但產品 不好
vm219 加利 15 上游 口罩
vm219 曝光 口罩 15 加利
vm219 15 健保卡 貨單 換貨
vm219 15 這樣 館長 還願意
vm219 15 政治 電話 透露
vm219 通電話 15 自陳其邁 館長
vm219 祝福 15 館長 24
vm219 15 隔空 安慰 好像
vm219 15 明年 信號 團隊
vm219 評委點將 15 全面 韓國瑜
vm219 評委 2024 15 提案
vm219 15 曝光 全代會 韓國瑜
vm219 新聞網 15 tvbs 韓國瑜
vm219 排骨 15 便當 跨縣
vm219 15 不鬥 美豬 反駁
vm219 15 標示 大戰 美豬
vm219 15 推行 標示 透透
vm219 國安產業 15 慢國際 一大步
vm219 蠢話 15 蠢行 快評
vm219 嘉觀點 15 林進 兩個
vm219 15 艱困 湖口 竹縣
vm219 15 陳昌輝 換絕情 總統
vm219 祝大會 15 場外 美豬
vm219 入秋 15 鋒面 首道
vm219 15 週四報 入秋 鋒面
vm219 15 首波 入秋 來襲
vm219 今撲朝 15 鮮半島 降雨
週四鋒面 vm219 恐變天 15 通過
vm219 15 考慮關 網收 閉潮
vm219 重災產業 東森新聞 15 掀實
vm219 15 網關 關門潮 易遊
vm219 15 網關 停業 解散
vm219 15 網關 租金 實體門
vm219 15 金曲 活動 猝逝
vm219 定大鵬灣 15 嚴詠 猝逝
vm219 15 心肌梗塞 嚴詠 金曲
vm219 嚴詠 15 百萬片 加利
vm219 15 14 嚴詠 設靈心
vm219 金錢豹 15 虐死案 酒客
vm219 金錢豹 15 業績 天上
vm219 金錢豹 15 原因 透露
vm219 15 沒電梯 業績 稱霸
vm219 15 金錢 聲押 豹門口
vm219 15 點搶 限定 家僅
xperia vm295 曝光 特色 15
vm295 功能 xperia 介紹 官方
vm295 曝光 15 120hz xperia
xperia vm295 曝光 期待 售價
vm295 功能 xperia 手機 介紹
vm295 15 台泥 確定 收購
vm295 15 營收 新高 今年
vm295 股無力 高價 股盤 15
vm295 15 富錦明 兩種 停牌
vm295 15 利率 平均 史上
vm295 15 誤把 店員恐 超暖
15 vm295 外資升目 標價 gis
vm295 15 金管會 國銀 海外
vm295 外資前 15 天牧 新高
vm295 外資 非凡 15 財經
vm295 天牧斥 知其然 接軌 二大會計
不知其所以然 vm295 沒業界 15 論壇
vm295 15 平才 政策 開放
vm295 15 將四處 政策 碰壁
vm295 15 騰訊 服務 停止
vm295 騰訊 15 獨大 停止
vm295 15 騰訊 燈號 月底
vm295 15 騰訊 宣布 28
vm295 15 騰訊 關閉 28
vm295 15 華邦電 營收 旺宏
vm295 15 車尾換 官方 設計
vm295 15 國產車 76 福斯
vm295 15 變盤 美股 股本
vm295 15 資產 股票 董事
vm295 15 董事 減持 三十二
vm295 謝抒珉 15 李文勝 日系
vm295 西門 15 唐吉訶德 贏定
vm295 15 唐吉軻 台灣會 小母湯
vm295 西門 15 插旗 開幕
vm295 15 哈日族 唐吉軻德 優勢
15 vm295 網推 優秀 13
vm295 15 上市 5g 手機
德國售價 曝光 15 5g pixle
vm295 自由 15 上市 手機
vm295 15 5g 上市 國外
曝光 vm295 5g 15 售價
vm295 14nm 明年初 外媒 桌上型
vm295 5g 15 採用 intel
vm295 15 推出 英特 搭配
曝光 intel cpu 15 10nm
vm295 非常 cpu 15 lake
vm295 轉售後將 15 曝背 原因
vm295 15 每年 老爸 28
vm295 年後足夠 15 英父 每年
vm295 全賣 禮物 15 回一棟
vm295 英男賣 15 28 威士忌
vm295 單月次 15 近年 營收
vm295 科技股 15 不變 風險
vm295 晶片 15 估華為 研究
vm295 15 華為 晶片 今年
vm295 華為 供應 15 30
vm295 15 華為 裝置 占居
vm295 15 智慧 貨量 研調
vm295 15 搶食 第三代 半導體
15 vm295 推出 月間 新機
vm295 湧入 15 變化 加速
vm295 新台幣 主因 那麼 15
vm295 幣升勢 15 官方 評論
vm295 交接 策略 新光 15
vm295 月租 15 電池 機車
vm295 上市 電能 15 機車
vm295 四萬有 15 值電動 機車
vm295 上市 15 機車 電能
vm295 15 新車 便宜 標哥
15 控制器 洛克 為主題 vm295
vm295 15 洛克人 程式 開眾
賞大稻 私房 景點 火遠離 人潮
vm333 黎和生態 添一處 15 還可遠眺
vm333 15 迎春 費賞 櫻花
vm333 風光 隱身 15 獨享
vm333 新開放 溫泉 谷泡 腳池
vm333 解憂 15 知道 遊現
vm333 藏私 花季 陽明山 15
vm333 15 上線 影像 景點
螢火蟲 花步 系景點 虎山 登山
vm333 宣布 15 再增 社會
供查詢 vm333 15 連假 爆滿
vm333 志工起 熱門賞 螢景點 15
超萌小水 系景點 15 免費 被療
vm333 濱共融式 遊戲場 15 親子遊
vm333 15 知道 網驚呼 小地
vm333 15 警示 觀察 當局
琉磺谷 龍鳳谷 vm333 聖地 池步
vm333 走春求 15 財北 出遊
走春去 vm333 15 春節 12
vm333 曝關鍵 原因 15 內行
vm333 311 美元 15 單月
vm333 15 進口 出口 下降
vm333 連二紅 出口 15 超旺
vm333 對美順 遠超 差繼續 15
vm333 15 11 爆發 年增
vm333 任正非 15 勝利之路 將至
vm333 任正非 15 難會 華為
vm333 任正非 指華為 困難 15
任正非 15 vm333 激勵員工 勝利之路
vm333 華為 15 保供 應鏈
vm333 經濟通 絕招 15 印鈔
vm333 15 超商 volvo 合作
vm333 volvo 元禮卷 享獨家 15
vm333 小七強 點抽百萬 衝上 攻數位
vm333 便利商店 15 坦克 瑞典
vm333 15 volvo 得到 品牌
vm333 獨家 15 董事 現在
vm333 台股 大變數 15 專家
vm333 台積電 衝擊 取消 15
vm333 產業 15 今年 取消
vm333 首度 營收估 115 台積電
vm333 台積電 15 運動會擬 取消
vm333 股後股價 技術 中芯國際 落差
vm333 外資 15 台廠 傳中
vm333 供應鏈 15 轉至 將花
