特斯拉 隨後股價 股票 董事 連跌
科技股 投資 星展 健康 維持
修正 那斯達克崩 回調 專區 解析
10 投資人 恐變心 大跌 美股
800 科技股 引爆 股災 衝高
200 電跌 台股 台積 壓力
美股 將崩盤 指數 慘跌 vix
台股 200 飆漲 美股 暴跌
美股 賭盤 恐大 大選 當天
800 科技股 恐慌 股災 飆漲
台股 美股 大跌 盤前 拖累
力勝 鏈不分 企實 供應 任何
紅色供 產業 崛起 應鏈 童子
紅色供 大過 崛起 產業 應鏈
韓國簽 優勢 經貿 台灣 實力
談紅色 產業 大過 顏色 應鏈
晶片 棄台 嚇壞 玄機 三星
金融 企業 股價 台積 重要
最大 快速 崛起 移民 工程
物理 台積電 ansys 方案 通過
國際大廠 techorange 台灣 竹科 投資
新猷 新高 信邦 收同 收連
五月 締新猷 信邦連
宏捷科 美化 助攻 收靚 月營
11 31 營收 增至 億元
28 聚陽 收勁揚 月營
貴金屬 金挫 美股 一週 崩跌
債明 市場 新興 報告 可期
基金 選項 目標 市場 變動
債明 新興 升後市 市場 可期
新高 營收 億元 豪展 16
新興債 買點 中長
11 外資 萬張 掃貨 台積電
超百億元 外資買 電轉 最愛從 台積
台股 外資大 億元 賣超 237
分析 強勢 態度 外資 表態
三大法人賣超台股237 54億元
出價 投資術 經常槓 零股 這樣
交易 投資術 新制 盤中 分鐘
經常槓 出價 這樣 零股
點半 交易 零股 投資術 盤中
萬買進 投資 小資族 零股 招讓
自清 口罩 旁門 遲交 左道
口罩 庫存 網怨 心酸 家裡
自掘 律師 為恥 以國家隊 加利
暴怒 欺騙簽 威脅 吊銷 合約
99 藥師 95 防護率 比醫
合約 簽約 政府 秀白紙 打臉
簽白紙 簽名 經部秀合 清楚 內容
王美花 口罩 實名制 混入 老鼠屎
害群 王美花斥 之馬 東怪 還怪
經濟部 產能 數據 以國家隊 加利
全國 國家隊 侯友 清查 混賣
出國家隊 混大 趕快 業者 國家隊
侯友宜 廠商 實名制 口罩 大陸制
矇騙 工廠 痛心 口罩 市民
中國 混賣 深入 口罩 貨侯友
銷毀 海關查 整批 進口 社會
怒批 混中 口罩 加利 民視
口罩 為恥 加利 以國家隊 五四三
華視 20200904 中國 加利 貨陳時
犯法 舉動毀 五四三 努力 訓斥
王金平 論壇 政治 將率團 參加
禁在 辦海峽 陸委會 論壇 明令
吳敦義 王金平 論壇 英文 海峽
提三項 辦海峽 大陸 陸委會 論壇
北京 不鼓勵 論壇 辦海峽 陸委會
商不願 放話 口罩 不以 加利
不以 出國家隊 加利 其邁 非常
口罩 用量 上繳 傳高雄 國家隊
醫院 公共 要罰 口罩 運輸
記者 市府 追查 口罩 漏網
不義之財 道德 口仁義 謊言 王定宇
高喊 額外 更累 員工 一切
自掘 律師 出國家隊 叫囂 下場
不義之財 中國 業者 媒體 王定宇
道德 口仁義 盡壞 謊言 王定
04 以國家隊 加利 中天 2020
工廠 紙箱 鐵門 科技 大陸
防疫 冒充 確保 口罩 英文
台灣 護照 外媒 政治 搶報
滿意 taiwan 六成 護照 非常
顯台灣 高鈺婷 護照展 設計應 民間
換黨徽 國民黨 用行動 點名 邱顯
台灣 高鈺婷 主權 護照 意向
品質勝 指揮 口罩 加利 回應
華視 20200904 混實名 口罩 搶換貨
台灣 換貨民眾 實名制 口罩 信用
口罩 庫存 網怨 心酸 家裡
質疑 20200904 衛福部 加利 刻意
捷克 中國 投資 吉普 效益
台北 台灣 布拉格 市長 市民
捷克 市長 賀瑞普 柯文 直播
台灣 台北 參議長 事實 市民
中國 布拉格 巡演 取消 愛樂樂團
移入 下午 指揮 新增 中心
肺炎 醫症 台商 工作 改善
台灣 例確診 下午 風波 新增
11 40 工作 武肺 狀確
確診 11 工作 40 同班
菅義偉 安倍 接班人 呼聲 最高
終結 下台 安倍 台日 情感
菅義偉將 安倍 接班人 大人 日相
十點 黨魁 大叔 參選 突襲
yahoo 安倍 蔡增家 派系 論壇
禁在 辦海峽 陸委會 論壇 明令
吳敦義 王金平 論壇 英文 海峽
王金平 江啟 論壇 國民黨 代表
北京 不鼓勵 論壇 辦海峽 陸委會
王金平 國民黨 論壇 率團 海峽
范立 代理 消費者 歐銻銻放棄 負責
台灣禁 用戶問 陸劇 難道 洗腦
台灣 代理商 民視 停止 代理
吵什麼 問答 一次 草案 大關鍵
並裁員 封殺 停止 條款 歐銻銻
rtx 單風扇 短小精悍 3060 16
低頭族 車狂 空腳卡 乘客 全下
10 微軟 windows ssd 降低
10 性能 提升 大幅 時間
台鐵新購 電聯車 十月底 emu900 入港
閉嘴 甩親 需中國 江啟 互槓
影片 藍數位 華視 20200903 線民眾
國民黨 論述 桌江 常委 啟臣
需中國 江啟 閉嘴 聞台 立新
重演 包圍 戲碼 國民黨 開講
胖一點 日府 憲兵 總統 民視
憲兵 美女 總統府 暴動 現身
總統 當憲兵 邰智源
美女 萬人朝 渾圓上 憲兵 曝光
胖一點 憲兵 總統府 政治 邰智源
google 交通流量 地圖 改良 合作
預測車 google 決定 路線 ai
google 預訂 訂餐 地圖 一鍵
買門票 google 地圖 新聞網 tvbs
2019 抗爭 地圖 google 裡尋找
經濟 合約 政府 簽約 部秀
口罩 庫存 網怨 心酸 家裡
半價原 每月 網轟 物料 萬片
出國家隊 混大 趕快 業者 國家隊
傳台灣 空軍駁 落共軍蘇愷 戰機 墜毀
台灣擊 軍蘇愷 網傳 防部 我國
傳台灣擊 假訊息 中共 飛機 駁斥
台灣擊 蘇愷 司令部 網傳 落共機
假訊息 台灣擊 防部 子虛 網傳
加利 萬片 口罩 海關 mit
口罩 庫存 網怨 心酸 家裡
藥師 新北女 吹哨 加利 曝光
台灣 換貨民眾 實名制 口罩 信用
熱血女 藥師 吹哨 賊星 加利
憲兵 邰智源 他變 英文 政治
胖一點 日府 憲兵 總統 民視
憲兵 美女 總統府 暴動 現身
美女 萬人朝 渾圓上 憲兵 曝光
總統 當憲兵 邰智源
移入 下午 指揮 新增 中心
肺炎 醫症 台商 工作 改善
日本 40 確診 新增 多歲
確診 11 工作 40 同班
移入 新增 指揮 中心 武漢
台灣 中國 日媒 總統 領導人
華春瑩 台灣 日媒 英文 提問
台灣 華春瑩 中國 英文 日媒
華春瑩 華媽 狂犬病 非總統 英文
搶劫 網酸爆 華春瑩 轟美國 雙重
商不願 放話 口罩 不以 加利
高雄市 高雄 分局 0904 三民
高雄業者 違規將 口罩 徵量 懲處
記者 市府 口罩 配送 非實
醫院 公共 要罰 口罩 運輸
10gb rtx 記憶體 3080 nvidia
微星 顯卡 輝達 股價 加量
rtx 30 面技術 nvidia 系列
gpu nvidia 包統 真香 懶人
180 價上 微星 外資 目標
電競 rtx 鍵盤 滑鼠 30
顯卡 rtx 30 三星 nvidia
車狂 乘客 低頭族 空腳 卡捷運
怎麼 替代品 地圖 華為 google
正義 死刑犯 重要 被害者 生命
死刑犯 兒子 民視 生命 一次
死亡 煎熬 等待 生命 過程
死刑犯 兒子 艱辛 紀錄片 漫長
瘦肉精 國民黨 口罩 美豬 政府
關責任 五四三 重磅 快評 政府
瘦肉精 國民黨 華視 口罩 美豬
放美豬 美牛 四不一 洪秀柱 形同
嘉宏 分題 國民黨還 專欄 倒扣
爆彈 金門 古寧頭 軍人節 九三
爆彈 金門 古寧頭 封鎖線 驚見
爆彈 金門岸 古寧頭 發現 岸際
爆彈 古寧頭 驚見 岸際
捷克 答謝 合作 晚宴 參議長
捷克 正義有 勇氣 友人 清德
騙台灣 忘義 怒批 黑心 賴清德
捷克 晚宴 參議長 答謝 處長
捷克 民主 答謝 賴清德 團設
19 呼吸 嗅到 每分鐘 搜救
中現 直播 跡象 生命 黎巴嫩
兒童 爆炸 廢墟 貝魯特 測得
爆炸 傳廢墟 生命 發現 特大
黎巴嫩 爆炸 搜救 滿月 偵測
捷克 中國 投資 吉普 效益
發表聯合 台美合辦 聲明 應鏈 重組供
商業 台美經濟 科技 政治 醫療
錢志健 鄭團隊 人生 核級 別攬
聯合 應鏈 台美日 歐鞏 聲明
800 股市 時刻 明斯基 暴跌
807 科技股 淒慘 美股 大跌
台股 200 美股 四大 暴跌
反習 之鬥 蔡霞們 困獸 二代
擊美國 平反 絕不答 習近
陸美將 持久 答應
王岐山 中共 中文 75 bbc
19 鞏固 習近 權威 僵局
下毒 遭化學 普丁政敵 殺案 梅克爾證實
蘇聯神 投毒 經毒 諾維喬克 普欽政敵
毒劑 俄諜案 下毒 普廷政敵 神經
俄國 20200903 諾維喬克 殺案 否認
俄國 中毒 指控 克里姆林 毫無
肺炎 醫症 台商 工作 改善
確診 11 工作 40 同班
11 40 工作 武肺 狀確
台灣 明中國 下午 例確診 時一
日本 40 確診 新增 多歲
橋塌 襲韓 河水 暴漲 大喊
韓電視 南韓 李正皓 劉寶傑 24
氣象 南北 韓連 重疊 登陸
南韓 掃朝 鮮半島 梅莎橫 2000
災情 記者 北韓 報導 官媒
川普籲 投票 北卡 選民重 鼓勵
川普造勢 投票 選民重 呼籲 帶頭
川普質 疑通訊 選民重 投票 違法
川普 推特貼 投票 警告 兩次
選舉川 兩次票 美總統 20200904 呼籲
媽媽 如何是好 只有 世上 這樣
安全 確保 應鏈 美台 脅迫
發表聯合 台美合辦 聲明 應鏈 重組供
商業 台美經濟 科技 政治 醫療
崎公園 婚紗外 japanwalker taipeiwalker 龍鳳谷
山林 自然 浪漫 獨享 風光
台北市 金香 櫻花 費賞 處免
japanwalker taipeiwalker 台北人 25 新北人
10 陽明山 藏私 大秘 境景點
溫泉 大免費 週末 順遊 腳池
27 北市 上線 景點 影像
公園 黎和生態 森林 頂點 101
山林 自然 浪漫 獨享 風光
台北市 金香 櫻花 費賞 處免
10 陽明山 藏私 大秘 境景點
溫泉 大免費 週末 順遊 腳池
27 北市 上線 景點 影像
特斯拉 隨後股價 股票 董事 連跌
中國 補貼 淨利 近一半 制裁
電動車 借員工 保時捷 奧迪 taycan
奧迪員工 跑車 電動 保時捷 生產
電動車 400 工人 taycan 趕工
800 股市 時刻 明斯基 暴跌
807 科技股 淒慘 美股 大跌
台股 200 美股 四大 暴跌
李玖哲 相馬茜 淚別 機場
老婆 拋相馬茜 結書 哀號 李玖
授育兒 新手 奶爸 董親 倫公開
老婆 分隔 被迫 哲離 結書
爆氣 皮朋 詹皇 nba 字母
公鹿 nba 格林 建議 連敗
肯尼 kenny s4 130 boast
公鹿 戰果 意料之外 淺談 熱火為
第二 皮朋 nba 字母 反擊
血糖 固醇 食物 還能控 降膽
維生素 醫生 細節 科技 沒告訴
轉換醫 效果 卡介苗 廠牌 一樣
中年 青少年 增加 機率 臟病
頸癌 病毒 病率 hpv 子宮
練美施 macy 搜尋量 偷食 網民關
美豬 進口現 吵什麼 到底 其實
巧克力 頭暈時 血糖 救急 醫師
喝酒 肝功能 臉紅 小心 幾杯還
味精 口乾舌燥 加太多 錯怪 好像
三讀 愛滋 病患 立院 將可器
林俊憲批 故宮 國民黨 中國 點把
柏惟 故宮 收入 你們換 15
爆國民黨 vm219 立新 聞網 代表
吳佩蓉 15 國民黨 宮門票 查黨
麗旭喊 15 國民黨 代表 回故
15 疫情 恐慌 vm219 效應
大染疫國 印度 15 疫情 肺炎
15 萬人 vm219 272 更新
封鎖變 疫情 15 英媒指 vm219
vm219 21 確診 香港 15
湧藥局 vm219 20200906 加利 口罩
15 為恥 加利 vm219 以國家隊
15 實名制 11 vm219 加利
台灣 15 為恥 vm219 駁斥
20200907 30 退貨潮 vm219 加利
15 北辰 vm219 興內鬥 國民黨
15 無中生 北辰 臧幼俠 興黨部
15 北辰 vm219 國民黨 直播
15 轟軍系 北辰 中央 自爆
蔡忠 15 北辰 遭國民黨 vm219
美豬 豬更 加拿大 15 窮人會
美豬 15 引論戰 王定宇 少康
王定宇 買美豬 15 柯文 膝蓋式
15 王定宇 少康 加豬 vm219
王定宇 15 瘦肉精 少康 10
預算大 突擊艇 12 犧牲 海軍解釋
艦隊 艦造 巡防 夭折 vm219
測試 15 立院 突擊艇 報告
突擊艇 20200907 vm219 魚叉 飛彈
突擊艇 15 vm219 驚爆 飛彈
rtx 顯卡 便宜 效能 15
軟體 蘋果 15 vm219 認證
15 壅塞 google 交通 maps
15 客運將 vm219 風聲鶴唳 火車
15 國民黨 九二 名嘴 vm219
15 九二 國民黨 vm219 議員
江啟 15 打腫 國民黨 vm219
15 嘉宏 可悲 宿命 vm219
連勝文稱 張博洋 15 打仗 打擊共諜
美豬 15 侯友宜 柯文 哲說
15 母法 扞格 美豬 vm219
15 直播 vm219 現場 宜聯訪
美豬 窮人 台灣 富人 小吃
美豬 15 侯友宜 柯文 引熱議
15 開放美豬 避摸頭江 暫緩 啟臣
傳江 15 啟臣 誤會 vm219
邀約餐 15 vm219 開放 ait
江啟 15 立委 國民黨 vm219
江啟 開放美豬 15 處長 vm219
蔣萬安 韓國瑜 蔣太多 搶北市 韓贏
台北市 15 vm219 名選 遭點
15 華視 vm219 支箭 20200907
台北市 蔣萬安 韓國瑜 15 vm219
台北市 蘇揆 15 中選 vm219
15 國民黨 九二 名嘴 vm219
15 九二 國民黨 vm219 議員
江啟 15 打腫 國民黨 vm219
15 嘉宏 可悲 宿命 vm219
連勝文稱 張博洋 15 打仗 打擊共諜
湧藥局 vm219 20200906 加利 口罩
15 為恥 加利 vm219 以國家隊
台灣 15 為恥 vm219 駁斥
20200907 30 退貨潮 vm219 加利
83 15 指揮 中心 萬片
美豬 15 侯友宜 柯文 哲說
15 母法 扞格 美豬 vm219
美豬 窮人 台灣 富人 小吃
美豬 15 侯友宜 柯文 引熱議
15 直播 vm219 現場 宜聯訪
江啟 開放美豬 15 處長 vm219
15 開放美豬 避摸頭江 暫緩 啟臣
邀約餐 15 vm219 開放 ait
傳江 15 啟臣 誤會 vm219
江啟 15 立委 國民黨 vm219
蔣萬安 韓國瑜 蔣太多 搶北市 韓贏
台北市 15 vm219 名選 遭點
15 華視 vm219 支箭 20200907
台北市 蔣萬安 韓國瑜 15 vm219
15 戰開 vm219 tvbs 新聞網
煤礦 中鋼 巨蛋 啟動 緊緊
轉型 產業 汙染 改善 15
訪林佳龍 高雄 國旅夯 15 大港
高雄 15 小英 vm219 推動
15 智強 皮功 vm219 宜康
15 豬肉萊劑 食藥署 預告 vm219
15 美豬萊劑 食藥署 預告 vm219
15 更新 遭浪襲 10 大溪
冰箱 15 vm219 瘋狗浪 客死
15 漁港釀 大溪 瘋狗浪 vm219
20200907 瘋狗浪 10 vm219 15
瘋狗 波瘋狗浪 攻擊 釣客 15
林俊憲批 故宮 15 國民黨 vm219
柏惟 故宮 收入 你們換 15
vm219 蘇貞昌 15 萬人 2300
林俊憲狠 15 國民黨 中國 vm219
15 國民黨 kmt vm219 立委
15 250 vm219 tvbs 加利
但產品 道歉 負責人 15 加利
15 廠商 爭議 加利 mit
15 加利 夭壽 曝光 mit
15 健保卡 vm219 貨單 加利
15 vm219 這大 來電 館長
15 館長 中槍 電話 vm219
15 羞愧 開刀後首 中彈 自陳其邁
祝福 15 早日 鄭文燦 24
15 vm219 對館 電視 表白
15 黨揆 韓要 明年 vm219
2024 總統 評委點將 韓國瑜 朱立倫
國民黨 韓國瑜 徵召 2024 15
韓國瑜 15 三位 合體 vm219
韓國瑜 15 vm219 tvbs 北上
15 美豬 很怪 vm219 跨縣
美豬 反駁 加利 遭批 不鬥
15 vm219 美豬 大戰 嚴格
15 全台 vm219 標示 美豬
疫苗 15 國安產業 新冠 vm219
15 vm219 快評 蠢行 蠢話
嘉觀點 15 官字 vm219 卑微
15 竹縣 顯聖宮 湖口 英文
陳昌輝 15 豬心 美豬 vm219
律師 15 祝大會 抗議 節慶
15 vm219 全台 鋒面 首道
15 週四報 全台 vm219 鋒面
15 vm219 氣象局 首波 鋒面
雷雨 降雨 15 海神 鮮半島
全台 15 vm219 週四鋒面 通過
15 雄獅關 vm219 旅行社 30
東森新聞 15 體門市 vm219 旅行社
15 體門市 vm219 一周 年底
停業 網關 解散 48 37
市省 vm219 百萬 疫情 租金
15 歌王 文化局 vm219 金曲
定大鵬灣 林佳龍 15 嚴詠 vm219
15 嚴詠 vm219 金曲 打狗亂
主唱 嚴詠 15 加利 精摘
15 14 屏東 vm219 能魂斷
15 金錢豹 酒客 出獄 虐死案
長紅 15 台中 天上 出眾
20 老司機 15 vm219 金錢豹
15 vm219 稱霸 天上 業績
15 惡煞 vm219 打死 聲押
頭香 vm219 15 口罩 中衛
vm295 15 影片 xperia 曝光
vm295 影片 15 xperia 官方
vm295 120hz 15 200 索尼
vm295 大亮點 15 xperia 旗艦
vm295 影片 15 xperia 官方
vm295 15 七成 昌化 收購
vm295 億元 新高 4205 鴻海
vm295 15 12601 翻黑收 電子
15 富錦明 vm295 寶齡 停牌
79 15 vm295 利率 22
店員恐 含淚 15 急尋 薪水
15 gis vm295 ky 外資升目
15 vm295 金管會 國銀 海外
vm295 15 天牧 外資前 新高
vm295 39 15 天牧 美元
15 vm295 魔王 董總 接軌
15 vm295 金管會 主委 論壇
15 中國 擴大 vm295 經濟
中國 15 經濟 vm295 將四處
微博 vm295 15 騰訊 本月底
微博 新浪 vm295 15 騰訊
15 vm295 微博 騰訊 燈號
微博 vm295 15 騰訊 宣布
微博 微博不敵 新浪 vm295 15
15 vm295 旺宏 11 華邦電
15 vm295 車尾換 設計 tiguan
國產車 vm295 76 15 價格
15 vm295 美股 變盤 季線
vm295 15 董事 股票 資產
vm295 董事 15 三十二 減持
謝抒珉 日系 vm295 日本 台灣
贏定 唐吉訶德 優勢 vm295 15
15 vm295 唐吉軻 日本 台灣會
vm295 15 唐吉軻德 開幕 西門
15 vm295 哈日族 唐吉軻德 優勢
15 13 vm295 台灣 家好市
vm295 15 5g 25 上市
德國售價 15 150 歐元 vm295
google 5g vm295 手機 15
vm295 5g google 15 pixel
5g vm295 15 pixel 4a
14nm 15 intel rocket 一代
5g vm295 15 tiger flex
筆電 15 商務 vm295 理器
15 10nm 2021 jasper pentium
40 tiger intel 效能 lake
威士忌 vm295 15 買房 轉售後將
威士忌 28 老爸 每年 房子
威士忌 英父 兒子 每年 28
威士忌 生日 vm295 28 全賣
威士忌 vm295 28 英男賣 15
營收 獲利 新高 單月次 vm295
科技股 vm295 15 風險 股長
晶片 手機市 15 vm295 庫存
2021 晶片 11 15 年耗
40 30 vm295 15 手機
15 vm295 占居 裝置 華為
11 15 手機 預測 vm295
半導體 15 vm295 第三代 台鏈
15 vm295 三星 s20 galaxy
加速 30 時間 升值 vm295
15 外資狂 vm295 新台幣 匯率
幣升勢 15 消費 國際 專欄
15 吳欣儒訂 vm295 總座 交接
電池 15 電動 機車 vm295
vm295 機車 充電動 15 電能
四萬有 機車 值電動 電能 vm295
vm295 15 機車 電動 電能
機車 15 充電動 新車 vm295
控制器 設計 程式 學習 開發
日本 vm295 15 教材 可學
私房 旅遊 賞大稻 火遠離 市府
公園 黎和生態 森林 頂點 101
台北市 15 vm333 金香 費賞
山林 自然 浪漫 獨享 風光
溫泉 大免費 順遊 vm333 週末
台北人 japanwalker taipeiwalker 新北人 25
15 10 vm333 陽明山 ig
15 北市 27 上線 vm333
japanwalker 台北 taipeiwalker 登場 15
320 北市 11 再增 旅館
15 供查詢 北市 11 vm333
15 台北 vm333 熱門賞 志工起
japanwalker taipeiwalker 台北 超萌小水 社子
15 濱共融式 大佳河 台北 vm333
vm333 33 網驚呼 15 標有
51 台北 警示 乘客 當局
崎公園 龍鳳谷 japanwalker taipeiwalker 15
鼠年 15 北部 vm333 財北
台北市 vm333 12 15 走春去
15 日本 vm333 網友 原因
新高 vm333 年增 歷年 美元
中國 進口 成長 15 vm333
新高 超旺 連二紅 單月 創歷
中國 貿易 擴大 15 遠超
年增 11 15 爆發 大陸
勝利之路 任正非 華為 喊話 將至
英雄 15 vm333 華為 任正非
打勝仗 困難 15 信仰 vm333
15 勝利之路 晶片 激勵員工 任正非
囤貨 15 應鏈 vm333 大量
各國狂 vm333 15 印鈔 大公
超商 xc40 時尚 15 vm333
元禮卷 享獨家 優惠 交車 vm333
名車 點抽百萬 15 900 open
15 瑞典 便利商店 vm333 坦克
北歐 vm333 得到 15 品牌
15 兩年 vm333 現在 董事
vm333 快逃 答案 大變數 走空
15 vm333 台積電 疫情 取消
產業 台積 15 熱點 運動會
112 vm333 10 季增 新高
15 vm333 公司公告 運動會擬 台積電
40 15 制裁 中芯國際 威脅
台廠 15 vm333 三家 傳中
晶片 vm333 供應鏈 15 專家估
